This file contains any messages produced by compilers while
running configure, to aid debugging if configure makes a mistake.

It was created by configure, which was
generated by GNU Autoconf 2.52.  Invocation command line was

  $ ./configure --prefix=/home/riscos/cross/local --host=arm-riscos-aof --with-included-gettext

## ---------- ##
## Platform.  ##
## ---------- ##

hostname = mint
uname -m = i686
uname -r = 2.4.18-bf2.4
uname -s = Linux
uname -v = #1 Son Apr 14 09:53:28 CEST 2002

/usr/bin/uname -p = unknown
/bin/uname -X     = unknown

/bin/arch              = i686
/usr/bin/arch -k       = unknown
/usr/convex/getsysinfo = unknown
hostinfo               = unknown
/bin/machine           = unknown
/usr/bin/oslevel       = unknown
/bin/universe          = unknown

PATH = /home/riscos/ar-tools:/home/riscos/cross/bin:/usr/local/bin:/usr/bin:/bin:/usr/bin/X11:/usr/games

## ------------ ##
## Core tests.  ##
## ------------ ##

configure:1156: PATH=".;."; conftest.sh
./configure: conftest.sh: command not found
configure:1159: $? = 127
configure:1205: checking for a BSD compatible install
configure:1254: result: /usr/bin/install -c
configure:1265: checking whether build environment is sane
configure:1308: result: yes
configure:1341: checking for mawk
configure:1356: found /usr/bin/mawk
configure:1364: result: mawk
configure:1374: checking whether make sets ${MAKE}
configure:1394: result: yes
configure:1495: checking for arm-riscos-aof-gcc
configure:1521: result: no
configure:1530: checking for gcc
configure:1545: found /home/riscos/cross/bin/gcc
configure:1553: result: gcc
configure:1781: checking for C compiler version
configure:1784: gcc --version </dev/null >&5
2_95_4
configure:1787: $? = 0
configure:1789: gcc -v </dev/null >&5
Using builtin specs.
gcc version 2.95.4 20010319 (prerelease) [gccsdk 20020112]
configure:1792: $? = 0
configure:1794: gcc -V </dev/null >&5
gcc: argument to `-V' is missing
configure:1797: $? = 1
configure:1817: checking for C compiler default output
configure:1820: gcc -D_INTL_REDIRECT_MACROS   conftest.c  >&5
configure:1823: $? = 0
configure:1852: result: conftest.c
configure:1857: checking whether the C compiler works
configure:1863: ./conftest.c
./configure: ./conftest.c: Permission denied
configure:1866: $? = 126
configure:1881: result: yes
configure:1888: checking whether we are cross compiling
configure:1890: result: yes
configure:1893: checking for executable suffix
configure:1895: gcc -o conftest -D_INTL_REDIRECT_MACROS   conftest.c  >&5
configure:1898: $? = 0
configure:1920: result: 
configure:1926: checking for object suffix
configure:1944: gcc -c -D_INTL_REDIRECT_MACROS  conftest.c >&5
configure:1947: $? = 0
configure:1966: result: o
configure:1970: checking whether we are using the GNU C compiler
configure:1991: gcc -c -D_INTL_REDIRECT_MACROS  conftest.c >&5
configure:1994: $? = 0
configure:1997: test -s conftest.o
configure:2000: $? = 0
configure:2012: result: yes
configure:2018: checking whether gcc accepts -g
configure:2036: gcc -c -g  conftest.c >&5
cc1: warning: `-g' not supported by this configuration of GCC
configure:2039: $? = 0
configure:2042: test -s conftest.o
configure:2045: $? = 0
configure:2055: result: yes
configure:2082: gcc -c -D_INTL_REDIRECT_MACROS  conftest.c >&5
conftest.c:2: parse error before `me'
configure:2085: $? = 1
configure: failed program was:
#ifndef __cplusplus
  choke me
#endif
configure:2191: checking for style of include used by make
configure:2218: result: GNU
configure:2224: checking dependency style of gcc
configure:2286: result: none
configure:2302: checking for a BSD compatible install
configure:2351: result: /usr/bin/install -c
configure:2366: checking for bison
configure:2381: found /usr/bin/bison
configure:2389: result: bison -y
configure:2402: checking for flex
configure:2417: found /usr/bin/flex
configure:2426: result: flex
configure:2435: checking for Java to native code compiler
configure:2515: result: none
configure:2534: checking how to run the C preprocessor
configure:2560: gcc -E  conftest.c
configure:2566: $? = 0
configure:2593: gcc -E  conftest.c
configure:2590: ac_nonexistent.h: No such file or directory
configure:2599: $? = 1
configure: failed program was:
#line 2589 "configure"
#include "confdefs.h"
#include <ac_nonexistent.h>
configure:2636: result: gcc -E
configure:2651: gcc -E  conftest.c
configure:2657: $? = 0
configure:2684: gcc -E  conftest.c
configure:2681: ac_nonexistent.h: No such file or directory
configure:2690: $? = 1
configure: failed program was:
#line 2680 "configure"
#include "confdefs.h"
#include <ac_nonexistent.h>
configure:2729: checking for Java compiler
configure:2895: result: no
configure:2900: checking for jar
configure:2926: result: no
configure:2936: checking for Java virtual machine
configure:3102: result: no
configure:3117: checking build system type
configure:3135: result: i686-pc-linux-gnuaout
configure:3142: checking host system type
configure:3156: result: arm-riscos-aof
configure:3163: checking for strerror in -lcposix
configure:3190: gcc -o conftest -D_INTL_REDIRECT_MACROS   conftest.c -lcposix   >&5
ld fatal error: library file libcposix not found
gcc: Fatal compiler error: program ld
configure:3193: $? = 1
configure: failed program was:
#line 3171 "configure"
#include "confdefs.h"

/* Override any gcc2 internal prototype to avoid an error.  */
#ifdef __cplusplus
extern "C"
#endif
/* We use char because int might match the return type of a gcc2
   builtin and then its argument prototype would still apply.  */
char strerror ();
int
main ()
{
strerror ();
  ;
  return 0;
}
configure:3210: result: no
configure:3303: checking for ld used by GCC
configure:3366: result: /home/riscos/cross-7.7.2002/bin/arm-riscos-aof/2_95_4/ld
configure:3375: checking if the linker (/home/riscos/cross-7.7.2002/bin/arm-riscos-aof/2_95_4/ld) is GNU ld
configure:3387: result: no
configure:3391: checking for /home/riscos/cross-7.7.2002/bin/arm-riscos-aof/2_95_4/ld option to reload object files
configure:3398: result: -r
configure:3403: checking for BSD-compatible nm
configure:3439: result: nm
configure:3442: checking whether ln -s works
configure:3446: result: yes
configure:3453: checking how to recognise dependant libraries
configure:3631: result: unknown
configure:3637: checking command to parse nm output
configure:3718: gcc -c -D_INTL_REDIRECT_MACROS  conftest.c >&5
configure:3721: $? = 0
configure:3725: nm conftest.o \| sed -n -e 's/^.*[ 	]\([BCDEGRST][BCDEGRST]*\)[ 	][ 	]*\(\)\([_A-Za-z][_A-Za-z0-9]*\)$/\1 \2\3 \3/p' \> conftest.nm
configure:3728: $? = 0
cannot run sed -n -e 's/^.*[ 	]\([BCDEGRST][BCDEGRST]*\)[ 	][ 	]*\(\)\([_A-Za-z][_A-Za-z0-9]*\)$/\1 \2\3 \3/p'
configure:3718: gcc -c -D_INTL_REDIRECT_MACROS  conftest.c >&5
configure:3721: $? = 0
configure:3725: nm conftest.o \| sed -n -e 's/^.*[ 	]\([BCDEGRST][BCDEGRST]*\)[ 	][ 	]*\(_\)\([_A-Za-z][_A-Za-z0-9]*\)$/\1 \2\3 \3/p' \> conftest.nm
configure:3728: $? = 0
cannot run sed -n -e 's/^.*[ 	]\([BCDEGRST][BCDEGRST]*\)[ 	][ 	]*\(_\)\([_A-Za-z][_A-Za-z0-9]*\)$/\1 \2\3 \3/p'
configure:3824: result: failed
configure:3834: checking for dlfcn.h
configure:3844: gcc -E  conftest.c
configure:3841: dlfcn.h: No such file or directory
configure:3850: $? = 1
configure: failed program was:
#line 3840 "configure"
#include "confdefs.h"
#include <dlfcn.h>
configure:3869: result: no
configure:4021: checking for arm-riscos-aof-ranlib
configure:4047: result: no
configure:4056: checking for ranlib
configure:4071: found /home/riscos/ar-tools/ranlib
configure:4080: result: ranlib
configure:4095: checking for arm-riscos-aof-strip
configure:4121: result: no
configure:4130: checking for strip
configure:4145: found /home/riscos/ar-tools/strip
configure:4154: result: strip
configure:4675: checking for objdir
configure:4686: result: .libs
configure:4701: checking for gcc option to produce PIC
configure:4864: result: -fPIC
configure:4868: checking if gcc PIC flag -fPIC works
configure:4888: gcc -c -D_INTL_REDIRECT_MACROS -fPIC -DPIC  conftest.c >&5
configure:4891: $? = 0
configure:4894: test -s conftest.o
configure:4897: $? = 0
configure:4933: result: yes
configure:4949: checking if gcc static flag -static works
configure:4970: gcc -o conftest -D_INTL_REDIRECT_MACROS   -static conftest.c  >&5
configure:4973: $? = 0
configure:4976: test -s conftest
configure:4979: $? = 0
configure:4993: result: yes
configure:5004: checking if gcc supports -c -o file.o
configure:5024: gcc -c -D_INTL_REDIRECT_MACROS -o out/conftest2.o  conftest.c >&5
configure:5048: result: yes
configure:5053: checking if gcc supports -c -o file.lo
configure:5077: gcc -c -D_INTL_REDIRECT_MACROS -c -o conftest.lo  conftest.c >&5
configure:5080: $? = 0
configure:5083: test -s conftest.lo
configure:5086: $? = 0
configure:5107: result: yes
configure:5138: checking if gcc supports -fno-rtti -fno-exceptions
configure:5157: gcc -c -D_INTL_REDIRECT_MACROS -fno-rtti -fno-exceptions -c conftest.c  conftest.c >&5
configure:5160: $? = 0
configure:5163: test -s conftest.o
configure:5166: $? = 0
configure:5182: result: yes
configure:5193: checking whether the linker (/home/riscos/cross-7.7.2002/bin/arm-riscos-aof/2_95_4/ld) supports shared libraries
configure:5873: result: no
configure:5878: checking how to hardcode library paths into programs
configure:5902: result: unsupported
configure:5907: checking whether stripping libraries is possible
configure:5915: result: no
configure:5923: checking dynamic linker characteristics
configure:6328: result: no
configure:6333: checking if libtool supports shared libraries
configure:6335: result: no
configure:6338: checking whether to build shared libraries
configure:6359: result: no
configure:6362: checking whether to build static libraries
configure:6366: result: yes
configure:7596: checking for ANSI C header files
configure:7610: gcc -E  conftest.c
configure:7616: $? = 0
configure:7724: result: yes
configure:7737: checking for limits.h
configure:7747: gcc -E  conftest.c
configure:7753: $? = 0
configure:7772: result: yes
configure:7737: checking for malloc.h
configure:7747: gcc -E  conftest.c
configure:7753: $? = 0
configure:7772: result: yes
configure:7737: checking for string.h
configure:7747: gcc -E  conftest.c
configure:7753: $? = 0
configure:7772: result: yes
configure:7737: checking for unistd.h
configure:7747: gcc -E  conftest.c
configure:7753: $? = 0
configure:7772: result: yes
configure:7737: checking for values.h
configure:7747: gcc -E  conftest.c
configure:7744: values.h: No such file or directory
configure:7753: $? = 1
configure: failed program was:
#line 7743 "configure"
#include "confdefs.h"
#include <values.h>
configure:7772: result: no
configure:7782: checking for stdbool.h
configure:7811: gcc -c -D_INTL_REDIRECT_MACROS  conftest.c >&5
configure:7799: size of array `B' is negative
configure:7814: $? = 1
configure: failed program was:
#line 7789 "configure"
#include "confdefs.h"
#include <stdbool.h>
#if false
int A[-1];
#endif
#define b -1
#if true
#undef b
#define b 1
#endif
int B[b];

int
main ()
{

  ;
  return 0;
}
configure:7831: result: no
configure:7842: checking for _Bool type
configure:7861: gcc -c -D_INTL_REDIRECT_MACROS  conftest.c >&5
configure:7850: parse error before `x'
configure:7850: `_Bool' undeclared here (not in a function)
configure:7850: warning: data definition has no type or storage class
configure:7864: $? = 1
configure: failed program was:
#line 7849 "configure"
#include "confdefs.h"
_Bool x = sizeof (_Bool);
int
main ()
{

  ;
  return 0;
}
configure:7881: result: no
configure:7891: checking for gcc option to accept ANSI C
configure:7948: gcc  -c -D_INTL_REDIRECT_MACROS  conftest.c >&5
configure:7951: $? = 0
configure:7954: test -s conftest.o
configure:7957: $? = 0
configure:7974: result: none needed
configure:7982: checking for an ANSI C-conforming const
configure:8046: gcc -c -D_INTL_REDIRECT_MACROS  conftest.c >&5
configure:8049: $? = 0
configure:8052: test -s conftest.o
configure:8055: $? = 0
configure:8065: result: yes
configure:8075: checking for inline
configure:8092: gcc -c -D_INTL_REDIRECT_MACROS  conftest.c >&5
configure:8095: $? = 0
configure:8098: test -s conftest.o
configure:8101: $? = 0
configure:8112: result: inline
configure:8127: checking for signed
configure:8145: gcc -c -D_INTL_REDIRECT_MACROS  conftest.c >&5
configure:8148: $? = 0
configure:8151: test -s conftest.o
configure:8154: $? = 0
configure:8164: result: yes
configure:8174: checking whether backslash-a works in strings
configure:8199: gcc -c -D_INTL_REDIRECT_MACROS  conftest.c >&5
configure:8202: $? = 0
configure:8205: test -s conftest.o
configure:8208: $? = 0
configure:8218: result: yes
configure:8228: checking for unsigned long long
configure:8247: gcc -o conftest -D_INTL_REDIRECT_MACROS   conftest.c  >&5
configure:8250: $? = 0
configure:8253: test -s conftest
configure:8256: $? = 0
configure:8266: result: yes
configure:8282: checking for sys/types.h
configure:8294: gcc -c -D_INTL_REDIRECT_MACROS  conftest.c >&5
configure:8297: $? = 0
configure:8300: test -s conftest.o
configure:8303: $? = 0
configure:8313: result: yes
configure:8282: checking for sys/stat.h
configure:8294: gcc -c -D_INTL_REDIRECT_MACROS  conftest.c >&5
configure:8297: $? = 0
configure:8300: test -s conftest.o
configure:8303: $? = 0
configure:8313: result: yes
configure:8282: checking for stdlib.h
configure:8294: gcc -c -D_INTL_REDIRECT_MACROS  conftest.c >&5
configure:8297: $? = 0
configure:8300: test -s conftest.o
configure:8303: $? = 0
configure:8313: result: yes
configure:8282: checking for string.h
configure:8313: result: yes
configure:8282: checking for memory.h
configure:8294: gcc -c -D_INTL_REDIRECT_MACROS  conftest.c >&5
configure:8297: $? = 0
configure:8300: test -s conftest.o
configure:8303: $? = 0
configure:8313: result: yes
configure:8282: checking for strings.h
configure:8294: gcc -c -D_INTL_REDIRECT_MACROS  conftest.c >&5
configure:8297: $? = 0
configure:8300: test -s conftest.o
configure:8303: $? = 0
configure:8313: result: yes
configure:8282: checking for inttypes.h
configure:8294: gcc -c -D_INTL_REDIRECT_MACROS  conftest.c >&5
configure:8297: $? = 0
configure:8300: test -s conftest.o
configure:8303: $? = 0
configure:8313: result: yes
configure:8282: checking for stdint.h
configure:8294: gcc -c -D_INTL_REDIRECT_MACROS  conftest.c >&5
configure:8297: $? = 0
configure:8300: test -s conftest.o
configure:8303: $? = 0
configure:8313: result: yes
configure:8282: checking for unistd.h
configure:8313: result: yes
configure:8323: checking for off_t
configure:8344: gcc -c -D_INTL_REDIRECT_MACROS  conftest.c >&5
configure:8347: $? = 0
configure:8350: test -s conftest.o
configure:8353: $? = 0
configure:8363: result: yes
configure:8375: checking for size_t
configure:8396: gcc -c -D_INTL_REDIRECT_MACROS  conftest.c >&5
configure:8399: $? = 0
configure:8402: test -s conftest.o
configure:8405: $? = 0
configure:8415: result: yes
configure:8427: checking for ptrdiff_t
configure:8448: gcc -c -D_INTL_REDIRECT_MACROS  conftest.c >&5
configure:8451: $? = 0
configure:8454: test -s conftest.o
configure:8457: $? = 0
configure:8467: result: yes
configure:8477: checking for inttypes.h
configure:8496: gcc -c -D_INTL_REDIRECT_MACROS  conftest.c >&5
cpp: In file included from configure:8485:
/home/riscos/cross-7.7.2002/include/unixlib/inttypes.h:15:30: missing '>' in `#include <FILENAME>'
/home/riscos/cross-7.7.2002/include/unixlib/inttypes.h:15:36: junk at end of `#include'
configure:8499: $? = 1
configure: failed program was:
#line 8483 "configure"
#include "confdefs.h"
#include <sys/types.h>
#include <inttypes.h>
int
main ()
{
uintmax_t i = (uintmax_t) -1;
  ;
  return 0;
}
configure:8515: result: no
configure:8525: checking for stdint.h
configure:8544: gcc -c -D_INTL_REDIRECT_MACROS  conftest.c >&5
configure:8547: $? = 0
configure:8550: test -s conftest.o
configure:8553: $? = 0
configure:8563: result: yes
configure:8585: checking for ssize_t
configure:8607: gcc -c -D_INTL_REDIRECT_MACROS  conftest.c >&5
configure:8610: $? = 0
configure:8613: test -s conftest.o
configure:8616: $? = 0
configure:8626: result: yes
configure:8636: checking for pid_t
configure:8657: gcc -c -D_INTL_REDIRECT_MACROS  conftest.c >&5
configure:8660: $? = 0
configure:8663: test -s conftest.o
configure:8666: $? = 0
configure:8676: result: yes
configure:8690: checking for working alloca.h
configure:8708: gcc -o conftest -D_INTL_REDIRECT_MACROS   conftest.c  >&5
configure:8711: $? = 0
configure:8714: test -s conftest
configure:8717: $? = 0
configure:8727: result: yes
configure:8737: checking for alloca
configure:8775: gcc -o conftest -D_INTL_REDIRECT_MACROS   conftest.c  >&5
configure:8778: $? = 0
configure:8781: test -s conftest
configure:8784: $? = 0
configure:8794: result: yes
configure:8978: checking for vprintf
configure:9015: gcc -o conftest -D_INTL_REDIRECT_MACROS   conftest.c  >&5
configure:9018: $? = 0
configure:9021: test -s conftest
configure:9024: $? = 0
configure:9034: result: yes
configure:9041: checking for _doprnt
configure:9078: gcc -o conftest -D_INTL_REDIRECT_MACROS   conftest.c  >&5
Error: The following symbols could not be found:
    '_doprnt' referenced in '/tmp/ccoZBXUg.o'
Drlink: Link failed with 1 error
ld fatal error: program /home/riscos/cross-7.7.2002/bin/drlink returned exit status 3072: 
gcc: Fatal compiler error: program ld
configure:9081: $? = 1
configure: failed program was:
#line 9047 "configure"
#include "confdefs.h"
/* System header to define __stub macros and hopefully few prototypes,
    which can conflict with char _doprnt (); below.  */
#include <assert.h>
/* Override any gcc2 internal prototype to avoid an error.  */
#ifdef __cplusplus
extern "C"
#endif
/* We use char because int might match the return type of a gcc2
   builtin and then its argument prototype would still apply.  */
char _doprnt ();
char (*f) ();

int
main ()
{
/* The GNU C library defines this for functions which it implements
    to always fail with ENOSYS.  Some functions are actually named
    something starting with __ and the normal name is an alias.  */
#if defined (__stub__doprnt) || defined (__stub____doprnt)
choke me
#else
f = _doprnt;
#endif

  ;
  return 0;
}
configure:9097: result: no
configure:9114: checking for getcwd
configure:9151: gcc -o conftest -D_INTL_REDIRECT_MACROS   conftest.c  >&5
configure:9154: $? = 0
configure:9157: test -s conftest
configure:9160: $? = 0
configure:9170: result: yes
configure:9114: checking for mblen
configure:9151: gcc -o conftest -D_INTL_REDIRECT_MACROS   conftest.c  >&5
configure:9154: $? = 0
configure:9157: test -s conftest
configure:9160: $? = 0
configure:9170: result: yes
configure:9114: checking for memcpy
configure:9151: gcc -o conftest -D_INTL_REDIRECT_MACROS   conftest.c  >&5
configure:9130: warning: conflicting types for built-in function `memcpy'
configure:9154: $? = 0
configure:9157: test -s conftest
configure:9160: $? = 0
configure:9170: result: yes
configure:9114: checking for posix_spawn
configure:9151: gcc -o conftest -D_INTL_REDIRECT_MACROS   conftest.c  >&5
Error: The following symbols could not be found:
    'posix_spawn' referenced in '/tmp/ccvr7O9Z.o'
Drlink: Link failed with 1 error
ld fatal error: program /home/riscos/cross-7.7.2002/bin/drlink returned exit status 3072: 
gcc: Fatal compiler error: program ld
configure:9154: $? = 1
configure: failed program was:
#line 9120 "configure"
#include "confdefs.h"
/* System header to define __stub macros and hopefully few prototypes,
    which can conflict with char posix_spawn (); below.  */
#include <assert.h>
/* Override any gcc2 internal prototype to avoid an error.  */
#ifdef __cplusplus
extern "C"
#endif
/* We use char because int might match the return type of a gcc2
   builtin and then its argument prototype would still apply.  */
char posix_spawn ();
char (*f) ();

int
main ()
{
/* The GNU C library defines this for functions which it implements
    to always fail with ENOSYS.  Some functions are actually named
    something starting with __ and the normal name is an alias.  */
#if defined (__stub_posix_spawn) || defined (__stub___posix_spawn)
choke me
#else
f = posix_spawn;
#endif

  ;
  return 0;
}
configure:9170: result: no
configure:9114: checking for putc_unlocked
configure:9151: gcc -o conftest -D_INTL_REDIRECT_MACROS   conftest.c  >&5
Error: The following symbols could not be found:
    'putc_unlocked' referenced in '/tmp/ccNkGNXa.o'
Drlink: Link failed with 1 error
ld fatal error: program /home/riscos/cross-7.7.2002/bin/drlink returned exit status 3072: 
gcc: Fatal compiler error: program ld
configure:9154: $? = 1
configure: failed program was:
#line 9120 "configure"
#include "confdefs.h"
/* System header to define __stub macros and hopefully few prototypes,
    which can conflict with char putc_unlocked (); below.  */
#include <assert.h>
/* Override any gcc2 internal prototype to avoid an error.  */
#ifdef __cplusplus
extern "C"
#endif
/* We use char because int might match the return type of a gcc2
   builtin and then its argument prototype would still apply.  */
char putc_unlocked ();
char (*f) ();

int
main ()
{
/* The GNU C library defines this for functions which it implements
    to always fail with ENOSYS.  Some functions are actually named
    something starting with __ and the normal name is an alias.  */
#if defined (__stub_putc_unlocked) || defined (__stub___putc_unlocked)
choke me
#else
f = putc_unlocked;
#endif

  ;
  return 0;
}
configure:9170: result: no
configure:9114: checking for raise
configure:9151: gcc -o conftest -D_INTL_REDIRECT_MACROS   conftest.c  >&5
configure:9154: $? = 0
configure:9157: test -s conftest
configure:9160: $? = 0
configure:9170: result: yes
configure:9114: checking for select
configure:9151: gcc -o conftest -D_INTL_REDIRECT_MACROS   conftest.c  >&5
configure:9154: $? = 0
configure:9157: test -s conftest
configure:9160: $? = 0
configure:9170: result: yes
configure:9114: checking for strerror
configure:9151: gcc -o conftest -D_INTL_REDIRECT_MACROS   conftest.c  >&5
configure:9154: $? = 0
configure:9157: test -s conftest
configure:9160: $? = 0
configure:9170: result: yes
configure:9114: checking for strtoul
configure:9151: gcc -o conftest -D_INTL_REDIRECT_MACROS   conftest.c  >&5
configure:9154: $? = 0
configure:9157: test -s conftest
configure:9160: $? = 0
configure:9170: result: yes
configure:9114: checking for uname
configure:9151: gcc -o conftest -D_INTL_REDIRECT_MACROS   conftest.c  >&5
configure:9154: $? = 0
configure:9157: test -s conftest
configure:9160: $? = 0
configure:9170: result: yes
configure:9114: checking for utime
configure:9151: gcc -o conftest -D_INTL_REDIRECT_MACROS   conftest.c  >&5
configure:9154: $? = 0
configure:9157: test -s conftest
configure:9160: $? = 0
configure:9170: result: yes
configure:9114: checking for utimes
configure:9151: gcc -o conftest -D_INTL_REDIRECT_MACROS   conftest.c  >&5
configure:9154: $? = 0
configure:9157: test -s conftest
configure:9160: $? = 0
configure:9170: result: yes
configure:9184: checking for memset
configure:9221: gcc -o conftest -D_INTL_REDIRECT_MACROS   conftest.c  >&5
configure:9200: warning: conflicting types for built-in function `memset'
configure:9224: $? = 0
configure:9227: test -s conftest
configure:9230: $? = 0
configure:9240: result: yes
configure:9184: checking for stpcpy
configure:9221: gcc -o conftest -D_INTL_REDIRECT_MACROS   conftest.c  >&5
configure:9224: $? = 0
configure:9227: test -s conftest
configure:9230: $? = 0
configure:9240: result: yes
configure:9184: checking for strcspn
configure:9221: gcc -o conftest -D_INTL_REDIRECT_MACROS   conftest.c  >&5
configure:9224: $? = 0
configure:9227: test -s conftest
configure:9230: $? = 0
configure:9240: result: yes
configure:9184: checking for strcasecmp
configure:9221: gcc -o conftest -D_INTL_REDIRECT_MACROS   conftest.c  >&5
configure:9224: $? = 0
configure:9227: test -s conftest
configure:9230: $? = 0
configure:9240: result: yes
configure:9184: checking for strncasecmp
configure:9221: gcc -o conftest -D_INTL_REDIRECT_MACROS   conftest.c  >&5
configure:9224: $? = 0
configure:9227: test -s conftest
configure:9230: $? = 0
configure:9240: result: yes
configure:9184: checking for strpbrk
configure:9221: gcc -o conftest -D_INTL_REDIRECT_MACROS   conftest.c  >&5
configure:9224: $? = 0
configure:9227: test -s conftest
configure:9230: $? = 0
configure:9240: result: yes
configure:9184: checking for strstr
configure:9221: gcc -o conftest -D_INTL_REDIRECT_MACROS   conftest.c  >&5
configure:9224: $? = 0
configure:9227: test -s conftest
configure:9230: $? = 0
configure:9240: result: yes
configure:9184: checking for vasprintf
configure:9221: gcc -o conftest -D_INTL_REDIRECT_MACROS   conftest.c  >&5
Error: The following symbols could not be found:
    'vasprintf' referenced in '/tmp/ccan94IE.o'
Drlink: Link failed with 1 error
ld fatal error: program /home/riscos/cross-7.7.2002/bin/drlink returned exit status 3072: 
gcc: Fatal compiler error: program ld
configure:9224: $? = 1
configure: failed program was:
#line 9190 "configure"
#include "confdefs.h"
/* System header to define __stub macros and hopefully few prototypes,
    which can conflict with char vasprintf (); below.  */
#include <assert.h>
/* Override any gcc2 internal prototype to avoid an error.  */
#ifdef __cplusplus
extern "C"
#endif
/* We use char because int might match the return type of a gcc2
   builtin and then its argument prototype would still apply.  */
char vasprintf ();
char (*f) ();

int
main ()
{
/* The GNU C library defines this for functions which it implements
    to always fail with ENOSYS.  Some functions are actually named
    something starting with __ and the normal name is an alias.  */
#if defined (__stub_vasprintf) || defined (__stub___vasprintf)
choke me
#else
f = vasprintf;
#endif

  ;
  return 0;
}
configure:9240: result: no
configure:9253: checking for getline
configure:9290: gcc -o conftest -D_INTL_REDIRECT_MACROS   conftest.c  >&5
configure:9293: $? = 0
configure:9296: test -s conftest
configure:9299: $? = 0
configure:9309: result: yes
configure:9318: checking for working getline function
configure:9368: result: no
configure:9387: checking for getdelim
configure:9424: gcc -o conftest -D_INTL_REDIRECT_MACROS   conftest.c  >&5
configure:9427: $? = 0
configure:9430: test -s conftest
configure:9433: $? = 0
configure:9443: result: yes
configure:9455: checking for working fnmatch function
configure:9499: result: no
configure:9526: checking for limits.h
configure:9561: result: yes
configure:9526: checking for stdlib.h
configure:9561: result: yes
configure:9526: checking for string.h
configure:9561: result: yes
configure:9526: checking for wchar.h
configure:9536: gcc -E  conftest.c
configure:9542: $? = 0
configure:9561: result: yes
configure:9526: checking for wctype.h
configure:9536: gcc -E  conftest.c
configure:9533: wctype.h: No such file or directory
configure:9542: $? = 1
configure: failed program was:
#line 9532 "configure"
#include "confdefs.h"
#include <wctype.h>
configure:9561: result: no
configure:9574: checking for isascii
configure:9611: gcc -o conftest -D_INTL_REDIRECT_MACROS   conftest.c  >&5
configure:9614: $? = 0
configure:9617: test -s conftest
configure:9620: $? = 0
configure:9630: result: yes
configure:9574: checking for iswcntrl
configure:9611: gcc -o conftest -D_INTL_REDIRECT_MACROS   conftest.c  >&5
Error: The following symbols could not be found:
    'iswcntrl' referenced in '/tmp/ccGNEI2M.o'
Drlink: Link failed with 1 error
ld fatal error: program /home/riscos/cross-7.7.2002/bin/drlink returned exit status 3072: 
gcc: Fatal compiler error: program ld
configure:9614: $? = 1
configure: failed program was:
#line 9580 "configure"
#include "confdefs.h"
/* System header to define __stub macros and hopefully few prototypes,
    which can conflict with char iswcntrl (); below.  */
#include <assert.h>
/* Override any gcc2 internal prototype to avoid an error.  */
#ifdef __cplusplus
extern "C"
#endif
/* We use char because int might match the return type of a gcc2
   builtin and then its argument prototype would still apply.  */
char iswcntrl ();
char (*f) ();

int
main ()
{
/* The GNU C library defines this for functions which it implements
    to always fail with ENOSYS.  Some functions are actually named
    something starting with __ and the normal name is an alias.  */
#if defined (__stub_iswcntrl) || defined (__stub___iswcntrl)
choke me
#else
f = iswcntrl;
#endif

  ;
  return 0;
}
configure:9630: result: no
configure:9574: checking for iswprint
configure:9611: gcc -o conftest -D_INTL_REDIRECT_MACROS   conftest.c  >&5
Error: The following symbols could not be found:
    'iswprint' referenced in '/tmp/ccK9TABX.o'
Drlink: Link failed with 1 error
ld fatal error: program /home/riscos/cross-7.7.2002/bin/drlink returned exit status 3072: 
gcc: Fatal compiler error: program ld
configure:9614: $? = 1
configure: failed program was:
#line 9580 "configure"
#include "confdefs.h"
/* System header to define __stub macros and hopefully few prototypes,
    which can conflict with char iswprint (); below.  */
#include <assert.h>
/* Override any gcc2 internal prototype to avoid an error.  */
#ifdef __cplusplus
extern "C"
#endif
/* We use char because int might match the return type of a gcc2
   builtin and then its argument prototype would still apply.  */
char iswprint ();
char (*f) ();

int
main ()
{
/* The GNU C library defines this for functions which it implements
    to always fail with ENOSYS.  Some functions are actually named
    something starting with __ and the normal name is an alias.  */
#if defined (__stub_iswprint) || defined (__stub___iswprint)
choke me
#else
f = iswprint;
#endif

  ;
  return 0;
}
configure:9630: result: no
configure:9574: checking for mbsinit
configure:9611: gcc -o conftest -D_INTL_REDIRECT_MACROS   conftest.c  >&5
configure:9614: $? = 0
configure:9617: test -s conftest
configure:9620: $? = 0
configure:9630: result: yes
configure:9574: checking for wcwidth
configure:9611: gcc -o conftest -D_INTL_REDIRECT_MACROS   conftest.c  >&5
configure:9614: $? = 0
configure:9617: test -s conftest
configure:9620: $? = 0
configure:9630: result: yes
configure:9640: checking whether mbrtowc and mbstate_t are properly declared
configure:9658: gcc -o conftest -D_INTL_REDIRECT_MACROS   conftest.c  >&5
configure:9661: $? = 0
configure:9664: test -s conftest
configure:9667: $? = 0
configure:9677: result: yes
configure:9687: checking whether wcwidth is declared
configure:9717: gcc -c -D_INTL_REDIRECT_MACROS  conftest.c >&5
configure:9720: $? = 0
configure:9723: test -s conftest.o
configure:9726: $? = 0
configure:9736: result: yes
configure:9751: checking for stdlib.h
configure:9786: result: yes
configure:9796: checking for mbstate_t
configure:9818: gcc -c -D_INTL_REDIRECT_MACROS  conftest.c >&5
configure:9821: $? = 0
configure:9824: test -s conftest.o
configure:9827: $? = 0
configure:9837: result: yes
configure:9850: checking for dirent.h that defines DIR
configure:9871: gcc -c -D_INTL_REDIRECT_MACROS  conftest.c >&5
configure:9874: $? = 0
configure:9877: test -s conftest.o
configure:9880: $? = 0
configure:9890: result: yes
configure:9903: checking for opendir in -ldir
configure:9930: gcc -o conftest -D_INTL_REDIRECT_MACROS   conftest.c -ldir   >&5
ld fatal error: library file libdir not found
gcc: Fatal compiler error: program ld
configure:9933: $? = 1
configure: failed program was:
#line 9911 "configure"
#include "confdefs.h"

/* Override any gcc2 internal prototype to avoid an error.  */
#ifdef __cplusplus
extern "C"
#endif
/* We use char because int might match the return type of a gcc2
   builtin and then its argument prototype would still apply.  */
char opendir ();
int
main ()
{
opendir ();
  ;
  return 0;
}
configure:9950: result: no
configure:10012: checking whether closedir returns void
configure:10058: result: yes
configure:10071: checking for limits.h
configure:10106: result: yes
configure:10071: checking for string.h
configure:10106: result: yes
configure:10116: checking for long file names
configure:10155: result: yes
configure:10168: checking for pathconf
configure:10205: gcc -o conftest -D_INTL_REDIRECT_MACROS   conftest.c  >&5
configure:10208: $? = 0
configure:10211: test -s conftest
configure:10214: $? = 0
configure:10224: result: yes
configure:10237: checking for limits.h
configure:10272: result: yes
configure:10237: checking for string.h
configure:10272: result: yes
configure:10237: checking for unistd.h
configure:10272: result: yes
configure:10285: checking for unistd.h
configure:10320: result: yes
configure:10285: checking for vfork.h
configure:10295: gcc -E  conftest.c
configure:10292: vfork.h: No such file or directory
configure:10301: $? = 1
configure: failed program was:
#line 10291 "configure"
#include "confdefs.h"
#include <vfork.h>
configure:10320: result: no
configure:10333: checking for fork
configure:10370: gcc -o conftest -D_INTL_REDIRECT_MACROS   conftest.c  >&5
Error: The following symbols could not be found:
    'fork' referenced in '/tmp/cc67Zqsy.o'
Drlink: Link failed with 1 error
ld fatal error: program /home/riscos/cross-7.7.2002/bin/drlink returned exit status 3072: 
gcc: Fatal compiler error: program ld
configure:10373: $? = 1
configure: failed program was:
#line 10339 "configure"
#include "confdefs.h"
/* System header to define __stub macros and hopefully few prototypes,
    which can conflict with char fork (); below.  */
#include <assert.h>
/* Override any gcc2 internal prototype to avoid an error.  */
#ifdef __cplusplus
extern "C"
#endif
/* We use char because int might match the return type of a gcc2
   builtin and then its argument prototype would still apply.  */
char fork ();
char (*f) ();

int
main ()
{
/* The GNU C library defines this for functions which it implements
    to always fail with ENOSYS.  Some functions are actually named
    something starting with __ and the normal name is an alias.  */
#if defined (__stub_fork) || defined (__stub___fork)
choke me
#else
f = fork;
#endif

  ;
  return 0;
}
configure:10389: result: no
configure:10333: checking for vfork
configure:10370: gcc -o conftest -D_INTL_REDIRECT_MACROS   conftest.c  >&5
configure:10373: $? = 0
configure:10376: test -s conftest
configure:10379: $? = 0
configure:10389: result: yes
configure:10463: checking for working vfork
configure:10589: result: yes
configure:10623: checking for waitpid
configure:10660: gcc -o conftest -D_INTL_REDIRECT_MACROS   conftest.c  >&5
configure:10663: $? = 0
configure:10666: test -s conftest
configure:10669: $? = 0
configure:10679: result: yes
configure:10689: checking for union wait
configure:10723: gcc -o conftest -D_INTL_REDIRECT_MACROS   conftest.c  >&5
configure: In function `main':
configure:10701: storage size of `status' isn't known
configure:10709: `blow' undeclared (first use in this function)
configure:10709: (Each undeclared identifier is reported only once
configure:10709: for each function it appears in.)
configure:10709: parse error before `chunks'
configure:10726: $? = 1
configure: failed program was:
#line 10695 "configure"
#include "confdefs.h"
#include <sys/types.h>
#include <sys/wait.h>
int
main ()
{
union wait status; int pid; pid = wait (&status);
#ifdef WEXITSTATUS
/* Some POSIXoid systems have both the new-style macros and the old
   union wait type, and they do not work together.  If union wait
   conflicts with WEXITSTATUS et al, we don't want to use it at all.  */
if (WEXITSTATUS (status) != 0) pid = -1;
#ifdef WTERMSIG
/* If we have WEXITSTATUS and WTERMSIG, just use them on ints.  */
-- blow chunks here --
#endif
#endif
#ifdef HAVE_WAITPID
/* Make sure union wait works with waitpid.  */
pid = waitpid (-1, &status, 0);
#endif

  ;
  return 0;
}
configure:10750: result: no
configure:10753: checking whether stat file-mode macros are broken
configure:10798: result: no
configure:10811: checking for __secure_getenv
configure:10848: gcc -o conftest -D_INTL_REDIRECT_MACROS   conftest.c  >&5
Error: The following symbols could not be found:
    '__secure_getenv' referenced in '/tmp/ccFF6hNh.o'
Drlink: Link failed with 1 error
ld fatal error: program /home/riscos/cross-7.7.2002/bin/drlink returned exit status 3072: 
gcc: Fatal compiler error: program ld
configure:10851: $? = 1
configure: failed program was:
#line 10817 "configure"
#include "confdefs.h"
/* System header to define __stub macros and hopefully few prototypes,
    which can conflict with char __secure_getenv (); below.  */
#include <assert.h>
/* Override any gcc2 internal prototype to avoid an error.  */
#ifdef __cplusplus
extern "C"
#endif
/* We use char because int might match the return type of a gcc2
   builtin and then its argument prototype would still apply.  */
char __secure_getenv ();
char (*f) ();

int
main ()
{
/* The GNU C library defines this for functions which it implements
    to always fail with ENOSYS.  Some functions are actually named
    something starting with __ and the normal name is an alias.  */
#if defined (__stub___secure_getenv) || defined (__stub_____secure_getenv)
choke me
#else
f = __secure_getenv;
#endif

  ;
  return 0;
}
configure:10867: result: no
configure:10880: checking for mkdtemp
configure:10917: gcc -o conftest -D_INTL_REDIRECT_MACROS   conftest.c  >&5
Error: The following symbols could not be found:
    'mkdtemp' referenced in '/tmp/cc7D7bjs.o'
Drlink: Link failed with 1 error
ld fatal error: program /home/riscos/cross-7.7.2002/bin/drlink returned exit status 3072: 
gcc: Fatal compiler error: program ld
configure:10920: $? = 1
configure: failed program was:
#line 10886 "configure"
#include "confdefs.h"
/* System header to define __stub macros and hopefully few prototypes,
    which can conflict with char mkdtemp (); below.  */
#include <assert.h>
/* Override any gcc2 internal prototype to avoid an error.  */
#ifdef __cplusplus
extern "C"
#endif
/* We use char because int might match the return type of a gcc2
   builtin and then its argument prototype would still apply.  */
char mkdtemp ();
char (*f) ();

int
main ()
{
/* The GNU C library defines this for functions which it implements
    to always fail with ENOSYS.  Some functions are actually named
    something starting with __ and the normal name is an alias.  */
#if defined (__stub_mkdtemp) || defined (__stub___mkdtemp)
choke me
#else
f = mkdtemp;
#endif

  ;
  return 0;
}
configure:10936: result: no
configure:10948: checking whether stat file-mode macros are broken
configure:10993: result: no
configure:11003: checking for inttypes.h
configure:11041: result: no
configure:11051: checking for stdint.h
configure:11089: result: yes
configure:11102: checking for fcntl.h
configure:11112: gcc -E  conftest.c
configure:11118: $? = 0
configure:11137: result: yes
configure:11102: checking for sys/time.h
configure:11112: gcc -E  conftest.c
configure:11118: $? = 0
configure:11137: result: yes
configure:11102: checking for time.h
configure:11112: gcc -E  conftest.c
configure:11118: $? = 0
configure:11137: result: yes
configure:11102: checking for unistd.h
configure:11137: result: yes
configure:11150: checking for gettimeofday
configure:11187: gcc -o conftest -D_INTL_REDIRECT_MACROS   conftest.c  >&5
configure:11190: $? = 0
configure:11193: test -s conftest
configure:11196: $? = 0
configure:11206: result: yes
configure:11232: checking for sigprocmask
configure:11269: gcc -o conftest -D_INTL_REDIRECT_MACROS   conftest.c  >&5
configure:11272: $? = 0
configure:11275: test -s conftest
configure:11278: $? = 0
configure:11288: result: yes
configure:11300: checking for signal handlers with siginfo_t
configure:11324: gcc -c -D_INTL_REDIRECT_MACROS  conftest.c >&5
configure: In function `main':
configure:11314: `siginfo_t' undeclared (first use in this function)
configure:11314: (Each undeclared identifier is reported only once
configure:11314: for each function it appears in.)
configure:11314: parse error before `info'
configure:11315: `SA_SIGINFO' undeclared (first use in this function)
configure:11316: structure has no member named `sa_sigaction'
configure:11327: $? = 1
configure: failed program was:
#line 11306 "configure"
#include "confdefs.h"

#include <signal.h>
int
main ()
{

struct sigaction action;
siginfo_t info;
action.sa_flags = SA_SIGINFO;
action.sa_sigaction = (void *) 0;

  ;
  return 0;
}
configure:11343: result: no
configure:11356: checking for setenv
configure:11393: gcc -o conftest -D_INTL_REDIRECT_MACROS   conftest.c  >&5
configure:11396: $? = 0
configure:11399: test -s conftest
configure:11402: $? = 0
configure:11412: result: yes
configure:11356: checking for unsetenv
configure:11393: gcc -o conftest -D_INTL_REDIRECT_MACROS   conftest.c  >&5
configure:11396: $? = 0
configure:11399: test -s conftest
configure:11402: $? = 0
configure:11412: result: yes
configure:11427: checking for search.h
configure:11437: gcc -E  conftest.c
configure:11434: search.h: No such file or directory
configure:11443: $? = 1
configure: failed program was:
#line 11433 "configure"
#include "confdefs.h"
#include <search.h>
configure:11462: result: no
configure:11427: checking for stdlib.h
configure:11462: result: yes
configure:11427: checking for string.h
configure:11462: result: yes
configure:11427: checking for unistd.h
configure:11462: result: yes
configure:11475: checking for tsearch
configure:11512: gcc -o conftest -D_INTL_REDIRECT_MACROS   conftest.c  >&5
Error: The following symbols could not be found:
    'tsearch' referenced in '/tmp/ccSpf5Eg.o'
Drlink: Link failed with 1 error
ld fatal error: program /home/riscos/cross-7.7.2002/bin/drlink returned exit status 3072: 
gcc: Fatal compiler error: program ld
configure:11515: $? = 1
configure: failed program was:
#line 11481 "configure"
#include "confdefs.h"
/* System header to define __stub macros and hopefully few prototypes,
    which can conflict with char tsearch (); below.  */
#include <assert.h>
/* Override any gcc2 internal prototype to avoid an error.  */
#ifdef __cplusplus
extern "C"
#endif
/* We use char because int might match the return type of a gcc2
   builtin and then its argument prototype would still apply.  */
char tsearch ();
char (*f) ();

int
main ()
{
/* The GNU C library defines this for functions which it implements
    to always fail with ENOSYS.  Some functions are actually named
    something starting with __ and the normal name is an alias.  */
#if defined (__stub_tsearch) || defined (__stub___tsearch)
choke me
#else
f = tsearch;
#endif

  ;
  return 0;
}
configure:11531: result: no
configure:11541: checking if errno is properly declared
configure:11561: gcc -c -D_INTL_REDIRECT_MACROS  conftest.c >&5
configure:11550: conflicting types for `errno'
/home/riscos/cross-7.7.2002/include/unixlib/errno.h:23: previous declaration of `errno'
configure:11564: $? = 1
configure: failed program was:
#line 11548 "configure"
#include "confdefs.h"
#include <errno.h>
      extern struct { int foo; } errno;
int
main ()
{
errno.foo = 1;
  ;
  return 0;
}
configure:11581: result: yes
configure:11591: checking if environ is properly declared
configure:11611: gcc -c -D_INTL_REDIRECT_MACROS  conftest.c >&5
configure:11600: conflicting types for `environ'
/home/riscos/cross-7.7.2002/include/unixlib/unistd.h:229: previous declaration of `environ'
configure:11614: $? = 1
configure: failed program was:
#line 11598 "configure"
#include "confdefs.h"
#include <unistd.h>
      extern struct { int foo; } environ;
int
main ()
{
environ.foo = 1;
  ;
  return 0;
}
configure:11631: result: yes
configure:11641: checking for error_at_line
configure:11659: gcc -o conftest -D_INTL_REDIRECT_MACROS   conftest.c  >&5
Error: The following symbols could not be found:
    'error_at_line' referenced in '/tmp/ccPWfFpA.o'
Drlink: Link failed with 1 error
ld fatal error: program /home/riscos/cross-7.7.2002/bin/drlink returned exit status 3072: 
gcc: Fatal compiler error: program ld
configure:11662: $? = 1
configure: failed program was:
#line 11647 "configure"
#include "confdefs.h"

int
main ()
{
error_at_line(0, 0, "", 0, "");
  ;
  return 0;
}
configure:11678: result: no
configure:11691: checking for locale.h
configure:11701: gcc -E  conftest.c
configure:11707: $? = 0
configure:11726: result: yes
configure:11736: checking for setlocale declaration
configure:11767: gcc -c -D_INTL_REDIRECT_MACROS  conftest.c >&5
configure:11752: conflicting types for `setlocale'
/home/riscos/cross-7.7.2002/include/unixlib/locale.h:46: previous declaration of `setlocale'
configure:11770: $? = 1
configure: failed program was:
#line 11743 "configure"
#include "confdefs.h"

#include <stdlib.h>
#include <locale.h>
extern
#ifdef __cplusplus
"C"
#endif
#if defined(__STDC__) || defined(__cplusplus)
char *setlocale (int category, char *locale);
#else
char *setlocale();
#endif

int
main ()
{

  ;
  return 0;
}
configure:11789: result: 
         extern char *setlocale (int category, const char *locale);
configure:11801: checking for arpa/inet.h
configure:11811: gcc -E  conftest.c
configure:11817: $? = 0
configure:11836: result: yes
configure:11849: checking for gethostname
configure:11886: gcc -o conftest -D_INTL_REDIRECT_MACROS   conftest.c  >&5
configure:11889: $? = 0
configure:11892: test -s conftest
configure:11895: $? = 0
configure:11905: result: yes
configure:11849: checking for gethostbyname
configure:11886: gcc -o conftest -D_INTL_REDIRECT_MACROS   conftest.c  >&5
configure:11889: $? = 0
configure:11892: test -s conftest
configure:11895: $? = 0
configure:11905: result: yes
configure:11849: checking for inet_ntop
configure:11886: gcc -o conftest -D_INTL_REDIRECT_MACROS   conftest.c  >&5
configure:11889: $? = 0
configure:11892: test -s conftest
configure:11895: $? = 0
configure:11905: result: yes
configure:11915: checking for IPv6 sockets
configure:11937: gcc -c -D_INTL_REDIRECT_MACROS  conftest.c >&5
configure:11940: $? = 0
configure:11943: test -s conftest.o
configure:11946: $? = 0
configure:11958: result: yes
configure:11978: checking for msgfmt
configure:12006: result: /usr/bin/msgfmt
configure:12015: checking for gmsgfmt
configure:12044: result: /usr/bin/msgfmt
configure:12053: checking for xgettext
configure:12084: result: no
configure:12092: checking for msgmerge
configure:12122: result: no
configure:12155: checking for arm-riscos-aof-ranlib
configure:12178: result: ranlib
configure:12229: checking for stdlib.h
configure:12264: result: yes
configure:12229: checking for unistd.h
configure:12264: result: yes
configure:12277: checking for getpagesize
configure:12314: gcc -o conftest -D_INTL_REDIRECT_MACROS   conftest.c  >&5
configure:12317: $? = 0
configure:12320: test -s conftest
configure:12323: $? = 0
configure:12333: result: yes
configure:12343: checking for working mmap
configure:12499: result: no
configure:12510: checking whether we are using the GNU C Library 2.1 or newer
configure:12518: features.h: No such file or directory
configure:12536: result: no
configure:12541: checking whether integer division by zero raises SIGFPE
configure:12621: result: guessing no
configure:12632: checking for inttypes.h
configure:12652: gcc -c -D_INTL_REDIRECT_MACROS  conftest.c >&5
cpp: In file included from configure:12641:
/home/riscos/cross-7.7.2002/include/unixlib/inttypes.h:15:30: missing '>' in `#include <FILENAME>'
/home/riscos/cross-7.7.2002/include/unixlib/inttypes.h:15:36: junk at end of `#include'
configure:12655: $? = 1
configure: failed program was:
#line 12639 "configure"
#include "confdefs.h"
#include <sys/types.h>
#include <inttypes.h>
int
main ()
{

  ;
  return 0;
}
configure:12672: result: no
configure:12762: checking for ld used by GCC
configure:12825: result: /home/riscos/cross-7.7.2002/bin/arm-riscos-aof/2_95_4/ld
configure:12834: checking if the linker (/home/riscos/cross-7.7.2002/bin/arm-riscos-aof/2_95_4/ld) is GNU ld
configure:12846: result: no
configure:12850: checking for shared library run path origin
configure:12863: result: done
configure:13261: checking for argz.h
configure:13271: gcc -E  conftest.c
configure:13268: argz.h: No such file or directory
configure:13277: $? = 1
configure: failed program was:
#line 13267 "configure"
#include "confdefs.h"
#include <argz.h>
configure:13296: result: no
configure:13261: checking for limits.h
configure:13296: result: yes
configure:13261: checking for locale.h
configure:13296: result: yes
configure:13261: checking for nl_types.h
configure:13271: gcc -E  conftest.c
configure:13268: nl_types.h: No such file or directory
configure:13277: $? = 1
configure: failed program was:
#line 13267 "configure"
#include "confdefs.h"
#include <nl_types.h>
configure:13296: result: no
configure:13261: checking for malloc.h
configure:13296: result: yes
configure:13261: checking for stddef.h
configure:13271: gcc -E  conftest.c
configure:13277: $? = 0
configure:13296: result: yes
configure:13261: checking for stdlib.h
configure:13296: result: yes
configure:13261: checking for string.h
configure:13296: result: yes
configure:13261: checking for unistd.h
configure:13296: result: yes
configure:13261: checking for sys/param.h
configure:13271: gcc -E  conftest.c
configure:13277: $? = 0
configure:13296: result: yes
configure:13311: checking for feof_unlocked
configure:13348: gcc -o conftest -D_INTL_REDIRECT_MACROS   conftest.c  >&5
Error: The following symbols could not be found:
    'feof_unlocked' referenced in '/tmp/ccOL0krw.o'
Drlink: Link failed with 1 error
ld fatal error: program /home/riscos/cross-7.7.2002/bin/drlink returned exit status 3072: 
gcc: Fatal compiler error: program ld
configure:13351: $? = 1
configure: failed program was:
#line 13317 "configure"
#include "confdefs.h"
/* System header to define __stub macros and hopefully few prototypes,
    which can conflict with char feof_unlocked (); below.  */
#include <assert.h>
/* Override any gcc2 internal prototype to avoid an error.  */
#ifdef __cplusplus
extern "C"
#endif
/* We use char because int might match the return type of a gcc2
   builtin and then its argument prototype would still apply.  */
char feof_unlocked ();
char (*f) ();

int
main ()
{
/* The GNU C library defines this for functions which it implements
    to always fail with ENOSYS.  Some functions are actually named
    something starting with __ and the normal name is an alias.  */
#if defined (__stub_feof_unlocked) || defined (__stub___feof_unlocked)
choke me
#else
f = feof_unlocked;
#endif

  ;
  return 0;
}
configure:13367: result: no
configure:13311: checking for fgets_unlocked
configure:13348: gcc -o conftest -D_INTL_REDIRECT_MACROS   conftest.c  >&5
Error: The following symbols could not be found:
    'fgets_unlocked' referenced in '/tmp/ccr456nc.o'
Drlink: Link failed with 1 error
ld fatal error: program /home/riscos/cross-7.7.2002/bin/drlink returned exit status 3072: 
gcc: Fatal compiler error: program ld
configure:13351: $? = 1
configure: failed program was:
#line 13317 "configure"
#include "confdefs.h"
/* System header to define __stub macros and hopefully few prototypes,
    which can conflict with char fgets_unlocked (); below.  */
#include <assert.h>
/* Override any gcc2 internal prototype to avoid an error.  */
#ifdef __cplusplus
extern "C"
#endif
/* We use char because int might match the return type of a gcc2
   builtin and then its argument prototype would still apply.  */
char fgets_unlocked ();
char (*f) ();

int
main ()
{
/* The GNU C library defines this for functions which it implements
    to always fail with ENOSYS.  Some functions are actually named
    something starting with __ and the normal name is an alias.  */
#if defined (__stub_fgets_unlocked) || defined (__stub___fgets_unlocked)
choke me
#else
f = fgets_unlocked;
#endif

  ;
  return 0;
}
configure:13367: result: no
configure:13311: checking for getc_unlocked
configure:13348: gcc -o conftest -D_INTL_REDIRECT_MACROS   conftest.c  >&5
Error: The following symbols could not be found:
    'getc_unlocked' referenced in '/tmp/ccnGb54m.o'
Drlink: Link failed with 1 error
ld fatal error: program /home/riscos/cross-7.7.2002/bin/drlink returned exit status 3072: 
gcc: Fatal compiler error: program ld
configure:13351: $? = 1
configure: failed program was:
#line 13317 "configure"
#include "confdefs.h"
/* System header to define __stub macros and hopefully few prototypes,
    which can conflict with char getc_unlocked (); below.  */
#include <assert.h>
/* Override any gcc2 internal prototype to avoid an error.  */
#ifdef __cplusplus
extern "C"
#endif
/* We use char because int might match the return type of a gcc2
   builtin and then its argument prototype would still apply.  */
char getc_unlocked ();
char (*f) ();

int
main ()
{
/* The GNU C library defines this for functions which it implements
    to always fail with ENOSYS.  Some functions are actually named
    something starting with __ and the normal name is an alias.  */
#if defined (__stub_getc_unlocked) || defined (__stub___getc_unlocked)
choke me
#else
f = getc_unlocked;
#endif

  ;
  return 0;
}
configure:13367: result: no
configure:13311: checking for getcwd
configure:13367: result: yes
configure:13311: checking for getegid
configure:13348: gcc -o conftest -D_INTL_REDIRECT_MACROS   conftest.c  >&5
configure:13351: $? = 0
configure:13354: test -s conftest
configure:13357: $? = 0
configure:13367: result: yes
configure:13311: checking for geteuid
configure:13348: gcc -o conftest -D_INTL_REDIRECT_MACROS   conftest.c  >&5
configure:13351: $? = 0
configure:13354: test -s conftest
configure:13357: $? = 0
configure:13367: result: yes
configure:13311: checking for getgid
configure:13348: gcc -o conftest -D_INTL_REDIRECT_MACROS   conftest.c  >&5
configure:13351: $? = 0
configure:13354: test -s conftest
configure:13357: $? = 0
configure:13367: result: yes
configure:13311: checking for getuid
configure:13348: gcc -o conftest -D_INTL_REDIRECT_MACROS   conftest.c  >&5
configure:13351: $? = 0
configure:13354: test -s conftest
configure:13357: $? = 0
configure:13367: result: yes
configure:13311: checking for mempcpy
configure:13348: gcc -o conftest -D_INTL_REDIRECT_MACROS   conftest.c  >&5
Error: The following symbols could not be found:
    'mempcpy' referenced in '/tmp/ccjVZIGo.o'
Drlink: Link failed with 1 error
ld fatal error: program /home/riscos/cross-7.7.2002/bin/drlink returned exit status 3072: 
gcc: Fatal compiler error: program ld
configure:13351: $? = 1
configure: failed program was:
#line 13317 "configure"
#include "confdefs.h"
/* System header to define __stub macros and hopefully few prototypes,
    which can conflict with char mempcpy (); below.  */
#include <assert.h>
/* Override any gcc2 internal prototype to avoid an error.  */
#ifdef __cplusplus
extern "C"
#endif
/* We use char because int might match the return type of a gcc2
   builtin and then its argument prototype would still apply.  */
char mempcpy ();
char (*f) ();

int
main ()
{
/* The GNU C library defines this for functions which it implements
    to always fail with ENOSYS.  Some functions are actually named
    something starting with __ and the normal name is an alias.  */
#if defined (__stub_mempcpy) || defined (__stub___mempcpy)
choke me
#else
f = mempcpy;
#endif

  ;
  return 0;
}
configure:13367: result: no
configure:13311: checking for munmap
configure:13348: gcc -o conftest -D_INTL_REDIRECT_MACROS   conftest.c  >&5
configure:13351: $? = 0
configure:13354: test -s conftest
configure:13357: $? = 0
configure:13367: result: yes
configure:13311: checking for putenv
configure:13348: gcc -o conftest -D_INTL_REDIRECT_MACROS   conftest.c  >&5
configure:13351: $? = 0
configure:13354: test -s conftest
configure:13357: $? = 0
configure:13367: result: yes
configure:13311: checking for setenv
configure:13367: result: yes
configure:13311: checking for setlocale
configure:13348: gcc -o conftest -D_INTL_REDIRECT_MACROS   conftest.c  >&5
configure:13351: $? = 0
configure:13354: test -s conftest
configure:13357: $? = 0
configure:13367: result: yes
configure:13311: checking for stpcpy
configure:13367: result: yes
configure:13311: checking for strcasecmp
configure:13367: result: yes
configure:13311: checking for strdup
configure:13348: gcc -o conftest -D_INTL_REDIRECT_MACROS   conftest.c  >&5
configure:13351: $? = 0
configure:13354: test -s conftest
configure:13357: $? = 0
configure:13367: result: yes
configure:13311: checking for strtoul
configure:13367: result: yes
configure:13311: checking for tsearch
configure:13367: result: no
configure:13311: checking for __argz_count
configure:13348: gcc -o conftest -D_INTL_REDIRECT_MACROS   conftest.c  >&5
Error: The following symbols could not be found:
    '__argz_count' referenced in '/tmp/ccvO9UXB.o'
Drlink: Link failed with 1 error
ld fatal error: program /home/riscos/cross-7.7.2002/bin/drlink returned exit status 3072: 
gcc: Fatal compiler error: program ld
configure:13351: $? = 1
configure: failed program was:
#line 13317 "configure"
#include "confdefs.h"
/* System header to define __stub macros and hopefully few prototypes,
    which can conflict with char __argz_count (); below.  */
#include <assert.h>
/* Override any gcc2 internal prototype to avoid an error.  */
#ifdef __cplusplus
extern "C"
#endif
/* We use char because int might match the return type of a gcc2
   builtin and then its argument prototype would still apply.  */
char __argz_count ();
char (*f) ();

int
main ()
{
/* The GNU C library defines this for functions which it implements
    to always fail with ENOSYS.  Some functions are actually named
    something starting with __ and the normal name is an alias.  */
#if defined (__stub___argz_count) || defined (__stub_____argz_count)
choke me
#else
f = __argz_count;
#endif

  ;
  return 0;
}
configure:13367: result: no
configure:13311: checking for __argz_stringify
configure:13348: gcc -o conftest -D_INTL_REDIRECT_MACROS   conftest.c  >&5
Error: The following symbols could not be found:
    '__argz_stringify' referenced in '/tmp/ccxVtpwM.o'
Drlink: Link failed with 1 error
ld fatal error: program /home/riscos/cross-7.7.2002/bin/drlink returned exit status 3072: 
gcc: Fatal compiler error: program ld
configure:13351: $? = 1
configure: failed program was:
#line 13317 "configure"
#include "confdefs.h"
/* System header to define __stub macros and hopefully few prototypes,
    which can conflict with char __argz_stringify (); below.  */
#include <assert.h>
/* Override any gcc2 internal prototype to avoid an error.  */
#ifdef __cplusplus
extern "C"
#endif
/* We use char because int might match the return type of a gcc2
   builtin and then its argument prototype would still apply.  */
char __argz_stringify ();
char (*f) ();

int
main ()
{
/* The GNU C library defines this for functions which it implements
    to always fail with ENOSYS.  Some functions are actually named
    something starting with __ and the normal name is an alias.  */
#if defined (__stub___argz_stringify) || defined (__stub_____argz_stringify)
choke me
#else
f = __argz_stringify;
#endif

  ;
  return 0;
}
configure:13367: result: no
configure:13311: checking for __argz_next
configure:13348: gcc -o conftest -D_INTL_REDIRECT_MACROS   conftest.c  >&5
Error: The following symbols could not be found:
    '__argz_next' referenced in '/tmp/ccVnFOeX.o'
Drlink: Link failed with 1 error
ld fatal error: program /home/riscos/cross-7.7.2002/bin/drlink returned exit status 3072: 
gcc: Fatal compiler error: program ld
configure:13351: $? = 1
configure: failed program was:
#line 13317 "configure"
#include "confdefs.h"
/* System header to define __stub macros and hopefully few prototypes,
    which can conflict with char __argz_next (); below.  */
#include <assert.h>
/* Override any gcc2 internal prototype to avoid an error.  */
#ifdef __cplusplus
extern "C"
#endif
/* We use char because int might match the return type of a gcc2
   builtin and then its argument prototype would still apply.  */
char __argz_next ();
char (*f) ();

int
main ()
{
/* The GNU C library defines this for functions which it implements
    to always fail with ENOSYS.  Some functions are actually named
    something starting with __ and the normal name is an alias.  */
#if defined (__stub___argz_next) || defined (__stub_____argz_next)
choke me
#else
f = __argz_next;
#endif

  ;
  return 0;
}
configure:13367: result: no
configure:13401: checking for iconv
configure:13425: gcc -o conftest -D_INTL_REDIRECT_MACROS   conftest.c  >&5
configure:13412: iconv.h: No such file or directory
configure:13428: $? = 1
configure: failed program was:
#line 13410 "configure"
#include "confdefs.h"
#include <stdlib.h>
#include <iconv.h>
int
main ()
{
iconv_t cd = iconv_open("","");
       iconv(cd,NULL,NULL,NULL,NULL);
       iconv_close(cd);
  ;
  return 0;
}
configure:13461: gcc -o conftest -D_INTL_REDIRECT_MACROS   conftest.c  -liconv >&5
configure:13448: iconv.h: No such file or directory
configure:13464: $? = 1
configure: failed program was:
#line 13446 "configure"
#include "confdefs.h"
#include <stdlib.h>
#include <iconv.h>
int
main ()
{
iconv_t cd = iconv_open("","");
         iconv(cd,NULL,NULL,NULL,NULL);
         iconv_close(cd);
  ;
  return 0;
}
configure:13483: result: no, consider installing GNU libiconv
configure:13568: checking for nl_langinfo and CODESET
configure:13586: gcc -o conftest -D_INTL_REDIRECT_MACROS   conftest.c  >&5
configure:13575: langinfo.h: No such file or directory
configure:13589: $? = 1
configure: failed program was:
#line 13574 "configure"
#include "confdefs.h"
#include <langinfo.h>
int
main ()
{
char* cs = nl_langinfo(CODESET);
  ;
  return 0;
}
configure:13606: result: no
configure:13618: checking for LC_MESSAGES
configure:13636: gcc -o conftest -D_INTL_REDIRECT_MACROS   conftest.c  >&5
configure:13639: $? = 0
configure:13642: test -s conftest
configure:13645: $? = 0
configure:13655: result: yes
configure:13671: checking for bison
configure:13686: found /usr/bin/bison
configure:13694: result: bison
configure:13707: checking version of bison
configure:13716: result: 1.35, ok
configure:13723: checking whether NLS is requested
configure:13732: result: yes
configure:13745: checking whether included gettext is requested
configure:13755: result: yes
configure:14794: checking for libexpat
configure:14815: gcc -o conftest -D_INTL_REDIRECT_MACROS -I/home/riscos/cross/local/include  conftest.c  /home/riscos/cross/local/lib/libexpat.a >&5
configure:14818: $? = 0
configure:14821: test -s conftest
configure:14824: $? = 0
configure:14836: result: yes
configure:14845: checking how to link with libexpat
configure:14847: result: /home/riscos/cross/local/lib/libexpat.a
configure:14876: checking for emacs
configure:14891: found /usr/bin/emacs
configure:14899: result: emacs
configure:14912: checking where .elc files should go
configure:14923: result: ${datadir}/emacs/site-lisp
configure:14936: checking for dvips
configure:14965: result: /home/cross/libraries/gettext-0.11.5/missing dvips
configure:14974: checking for texi2pdf
configure:15003: result: /home/cross/libraries/gettext-0.11.5/missing texi2pdf
configure:15012: checking for perl
configure:15029: found /usr/bin/perl
configure:15041: result: /usr/bin/perl
configure:15054: checking for c++
configure:15069: found /home/riscos/ar-tools/c++
configure:15077: result: c++
configure:15089: checking whether the C++ compiler (c++  ) works
configure:15098: c++ -o conftest  -I/home/riscos/cross/local/include  conftest.cc  >&5
configure:15101: $? = 0
configure:15119: result: yes
configure:15220: creating ./config.status

## ----------------------- ##
## Running config.status.  ##
## ----------------------- ##

This file was extended by config.status 2.52, executed with
  CONFIG_FILES    = 
  CONFIG_HEADERS  = 
  CONFIG_LINKS    = 
  CONFIG_COMMANDS = 
  > ./config.status 
on mint

config.status:15807: creating Makefile
config.status:15807: creating lib/Makefile
config.status:15807: creating lib/javacomp.sh
config.status:15807: creating lib/javaexec.sh
config.status:15807: creating intl/Makefile
config.status:15807: creating intl-java/Makefile
config.status:15807: creating libuniname/Makefile
config.status:15807: creating src/Makefile
config.status:15807: creating src/user-email
config.status:15807: creating po/Makefile.in
config.status:15807: creating doc/Makefile
config.status:15807: creating man/Makefile
config.status:15807: creating man/x-to-1
config.status:15807: creating tests/Makefile
config.status:15807: creating m4/Makefile
config.status:15807: creating projects/Makefile
config.status:15807: creating misc/Makefile
config.status:15807: creating misc/gettextize
config.status:15807: creating misc/autopoint
config.status:15899: creating config.h
config.status:16040: config.h is unchanged

## ----------------- ##
## Cache variables.  ##
## ----------------- ##

ac_cv_build=i686-pc-linux-gnuaout
ac_cv_build_alias=i686-pc-linux-gnuaout
ac_cv_c_backslash_a=yes
ac_cv_c_compiler_gnu=yes
ac_cv_c_const=yes
ac_cv_c_inline=inline
ac_cv_env_CC_set=
ac_cv_env_CC_value=
ac_cv_env_CFLAGS_set=set
ac_cv_env_CFLAGS_value=-D_INTL_REDIRECT_MACROS
ac_cv_env_CPPFLAGS_set=
ac_cv_env_CPPFLAGS_value=
ac_cv_env_CPP_set=
ac_cv_env_CPP_value=
ac_cv_env_CXXFLAGS_set=
ac_cv_env_CXXFLAGS_value=
ac_cv_env_CXX_set=
ac_cv_env_CXX_value=
ac_cv_env_GCJFLAGS_set=
ac_cv_env_GCJFLAGS_value=
ac_cv_env_GCJ_set=
ac_cv_env_GCJ_value=
ac_cv_env_LDFLAGS_set=
ac_cv_env_LDFLAGS_value=
ac_cv_env_build_alias_set=
ac_cv_env_build_alias_value=
ac_cv_env_host_alias_set=set
ac_cv_env_host_alias_value=arm-riscos-aof
ac_cv_env_target_alias_set=
ac_cv_env_target_alias_value=
ac_cv_func___argz_count=no
ac_cv_func___argz_next=no
ac_cv_func___argz_stringify=no
ac_cv_func___secure_getenv=no
ac_cv_func__doprnt=no
ac_cv_func_alloca_works=yes
ac_cv_func_closedir_void=yes
ac_cv_func_feof_unlocked=no
ac_cv_func_fgets_unlocked=no
ac_cv_func_fork=no
ac_cv_func_fork_works=no
ac_cv_func_getc_unlocked=no
ac_cv_func_getcwd=yes
ac_cv_func_getdelim=yes
ac_cv_func_getegid=yes
ac_cv_func_geteuid=yes
ac_cv_func_getgid=yes
ac_cv_func_gethostbyname=yes
ac_cv_func_gethostname=yes
ac_cv_func_getline=yes
ac_cv_func_getpagesize=yes
ac_cv_func_gettimeofday=yes
ac_cv_func_getuid=yes
ac_cv_func_inet_ntop=yes
ac_cv_func_isascii=yes
ac_cv_func_iswcntrl=no
ac_cv_func_iswprint=no
ac_cv_func_mblen=yes
ac_cv_func_mbsinit=yes
ac_cv_func_memcpy=yes
ac_cv_func_mempcpy=no
ac_cv_func_memset=yes
ac_cv_func_mkdtemp=no
ac_cv_func_mmap_fixed_mapped=no
ac_cv_func_munmap=yes
ac_cv_func_pathconf=yes
ac_cv_func_posix_spawn=no
ac_cv_func_putc_unlocked=no
ac_cv_func_putenv=yes
ac_cv_func_raise=yes
ac_cv_func_select=yes
ac_cv_func_setenv=yes
ac_cv_func_setlocale=yes
ac_cv_func_sigprocmask=yes
ac_cv_func_stpcpy=yes
ac_cv_func_strcasecmp=yes
ac_cv_func_strcspn=yes
ac_cv_func_strdup=yes
ac_cv_func_strerror=yes
ac_cv_func_strncasecmp=yes
ac_cv_func_strpbrk=yes
ac_cv_func_strstr=yes
ac_cv_func_strtoul=yes
ac_cv_func_tsearch=no
ac_cv_func_uname=yes
ac_cv_func_unsetenv=yes
ac_cv_func_utime=yes
ac_cv_func_utimes=yes
ac_cv_func_vasprintf=no
ac_cv_func_vfork=yes
ac_cv_func_vfork_works=yes
ac_cv_func_vprintf=yes
ac_cv_func_waitpid=yes
ac_cv_func_wcwidth=yes
ac_cv_gnu_library_2_1=no
ac_cv_have_decl_wcwidth=yes
ac_cv_header_argz_h=no
ac_cv_header_arpa_inet_h=yes
ac_cv_header_dirent_dirent_h=yes
ac_cv_header_dlfcn_h=no
ac_cv_header_fcntl_h=yes
ac_cv_header_inttypes_h=yes
ac_cv_header_limits_h=yes
ac_cv_header_locale_h=yes
ac_cv_header_malloc_h=yes
ac_cv_header_memory_h=yes
ac_cv_header_nl_types_h=no
ac_cv_header_search_h=no
ac_cv_header_stat_broken=no
ac_cv_header_stdc=yes
ac_cv_header_stddef_h=yes
ac_cv_header_stdint_h=yes
ac_cv_header_stdlib_h=yes
ac_cv_header_string_h=yes
ac_cv_header_strings_h=yes
ac_cv_header_sys_param_h=yes
ac_cv_header_sys_stat_h=yes
ac_cv_header_sys_time_h=yes
ac_cv_header_sys_types_h=yes
ac_cv_header_time_h=yes
ac_cv_header_unistd_h=yes
ac_cv_header_values_h=no
ac_cv_header_vfork_h=no
ac_cv_header_wchar_h=yes
ac_cv_header_wctype_h=no
ac_cv_host=arm-riscos-aof
ac_cv_host_alias=arm-riscos-aof
ac_cv_lib_cposix_strerror=no
ac_cv_lib_dir_opendir=no
ac_cv_libexpat=yes
ac_cv_objext=o
ac_cv_path_DVIPS='/home/cross/libraries/gettext-0.11.5/missing dvips'
ac_cv_path_GMSGFMT=/usr/bin/msgfmt
ac_cv_path_MSGFMT=/usr/bin/msgfmt
ac_cv_path_MSGMERGE=:
ac_cv_path_PERL=/usr/bin/perl
ac_cv_path_TEXI2PDF='/home/cross/libraries/gettext-0.11.5/missing texi2pdf'
ac_cv_path_XGETTEXT=:
ac_cv_path_install='/usr/bin/install -c'
ac_cv_prog_AWK=mawk
ac_cv_prog_CPP='gcc -E'
ac_cv_prog_CXX=c++
ac_cv_prog_EMACS=emacs
ac_cv_prog_INTLBISON=bison
ac_cv_prog_LEX=flex
ac_cv_prog_RANLIB=ranlib
ac_cv_prog_YACC='bison -y'
ac_cv_prog_ac_ct_CC=gcc
ac_cv_prog_ac_ct_RANLIB=ranlib
ac_cv_prog_ac_ct_STRIP=strip
ac_cv_prog_cc_g=yes
ac_cv_prog_cc_stdc=
ac_cv_prog_cxx_cross=yes
ac_cv_prog_cxx_works=yes
ac_cv_prog_make_make_set=yes
ac_cv_sys_long_file_names=yes
ac_cv_type_mbstate_t=yes
ac_cv_type_off_t=yes
ac_cv_type_pid_t=yes
ac_cv_type_ptrdiff_t=yes
ac_cv_type_size_t=yes
ac_cv_type_unsigned_long_long=yes
ac_cv_working_alloca_h=yes
acl_cv_hardcode_direct=no
acl_cv_hardcode_libdir_flag_spec=
acl_cv_hardcode_libdir_separator=
acl_cv_hardcode_minus_L=no
acl_cv_libext=a
acl_cv_path_LD=/home/riscos/cross-7.7.2002/bin/arm-riscos-aof/2_95_4/ld
acl_cv_prog_gnu_ld=no
acl_cv_rpath=done
acl_cv_shlibext=
acl_cv_sys_lib_dlsearch_path_spec='/lib /usr/lib'
acl_cv_sys_lib_search_path_spec='/lib /usr/lib /usr/local/lib'
acl_cv_wl=-Wl,
am_cv_CC_dependencies_compiler_type=none
am_cv_func_iconv='no, consider installing GNU libiconv'
am_cv_func_working_getline=no
am_cv_langinfo_codeset=no
am_cv_lib_error_at_line=no
am_cv_lib_iconv=no
am_cv_lispdir='${datadir}/emacs/site-lisp'
am_cv_val_LC_MESSAGES=yes
bh_cv_c_signed=yes
gt_cv_func_fnmatch_works=no
gt_cv_header_inttypes_h=no
gt_cv_header_stdbool_h=no
gt_cv_int_divbyzero_sigfpe='guessing no'
gt_cv_proto_setlocale='extern char *setlocale (int category, const char *locale);'
gt_cv_proto_setlocale_arg1=const
gt_cv_siginfo_t=no
gt_cv_socket_ipv6=yes
gt_cv_ssize_t=yes
gt_cv_type_Bool=no
gt_cv_union_wait=no
gt_cv_var_environ_declaration=yes
gt_cv_var_errno_declaration=yes
jm_ac_cv_header_inttypes_h=no
jm_ac_cv_header_stdint_h=yes
jm_cv_func_mbrtowc=yes
lt_cv_compiler_c_o=yes
lt_cv_compiler_o_lo=yes
lt_cv_deplibs_check_method=unknown
lt_cv_file_magic_cmd='$MAGIC_CMD'
lt_cv_file_magic_test_file=
lt_cv_global_symbol_to_c_name_address='sed -n -e '\''s/^: \([^ ]*\) $/  {\"\1\", (lt_ptr) 0},/p'\'' -e '\''s/^[BCDEGRST] \([^ ]*\) \([^ ]*\)$/  {"\2", (lt_ptr) \&\2},/p'\'''
lt_cv_global_symbol_to_cdecl='sed -n -e '\''s/^. .* \(.*\)$/extern char \1;/p'\'''
lt_cv_ld_reload_flag=-r
lt_cv_path_LD=/home/riscos/cross-7.7.2002/bin/arm-riscos-aof/2_95_4/ld
lt_cv_path_NM=nm
lt_cv_prog_cc_can_build_shared=yes
lt_cv_prog_cc_no_builtin=
lt_cv_prog_cc_pic=' -fPIC'
lt_cv_prog_cc_pic_works=yes
lt_cv_prog_cc_shlib=
lt_cv_prog_cc_static=-static
lt_cv_prog_cc_static_works=yes
lt_cv_prog_cc_wl=-Wl,
lt_cv_prog_gnu_ld=no
lt_cv_sys_global_symbol_pipe=
lt_cv_sys_path_separator=:
nls_cv_force_use_gnu_gettext=yes
nls_cv_header_intl=
nls_cv_header_libgt=
nls_cv_use_gnu_gettext=yes

## ------------ ##
## confdefs.h.  ##
## ------------ ##

#define PACKAGE "gettext"
#define VERSION "0.11.5"
#define _GNU_SOURCE 1
#define STDC_HEADERS 1
#define HAVE_LIMITS_H 1
#define HAVE_MALLOC_H 1
#define HAVE_STRING_H 1
#define HAVE_UNISTD_H 1
#define HAVE_C_BACKSLASH_A 1
#define HAVE_UNSIGNED_LONG_LONG 1
#define HAVE_SYS_TYPES_H 1
#define HAVE_SYS_STAT_H 1
#define HAVE_STDLIB_H 1
#define HAVE_STRING_H 1
#define HAVE_MEMORY_H 1
#define HAVE_STRINGS_H 1
#define HAVE_INTTYPES_H 1
#define HAVE_STDINT_H 1
#define HAVE_UNISTD_H 1
#define HAVE_PTRDIFF_T 1
#define HAVE_STDINT_H_WITH_UINTMAX 1
#define HAVE_ALLOCA_H 1
#define HAVE_ALLOCA 1
#define HAVE_VPRINTF 1
#define HAVE_GETCWD 1
#define HAVE_MBLEN 1
#define HAVE_MEMCPY 1
#define HAVE_RAISE 1
#define HAVE_SELECT 1
#define HAVE_STRERROR 1
#define HAVE_STRTOUL 1
#define HAVE_UNAME 1
#define HAVE_UTIME 1
#define HAVE_UTIMES 1
#define HAVE_MEMSET 1
#define HAVE_STPCPY 1
#define HAVE_STRCSPN 1
#define HAVE_STRCASECMP 1
#define HAVE_STRNCASECMP 1
#define HAVE_STRPBRK 1
#define HAVE_STRSTR 1
#define getline gnu_getline
#define HAVE_GETDELIM 1
#define fnmatch posix_fnmatch
#define HAVE_LIMITS_H 1
#define HAVE_STDLIB_H 1
#define HAVE_STRING_H 1
#define HAVE_WCHAR_H 1
#define HAVE_ISASCII 1
#define HAVE_MBSINIT 1
#define HAVE_WCWIDTH 1
#define HAVE_MBRTOWC 1
#define HAVE_DECL_WCWIDTH 1
#define HAVE_STDLIB_H 1
#define HAVE_DIRENT_H 1
#define CLOSEDIR_VOID 1
#define HAVE_LIMITS_H 1
#define HAVE_STRING_H 1
#define HAVE_LONG_FILE_NAMES 1
#define HAVE_PATHCONF 1
#define HAVE_LIMITS_H 1
#define HAVE_STRING_H 1
#define HAVE_UNISTD_H 1
#define HAVE_UNISTD_H 1
#define HAVE_VFORK 1
#define HAVE_WORKING_VFORK 1
#define HAVE_WAITPID 1
#define HAVE_STDINT_H_WITH_UINTMAX 1
#define HAVE_FCNTL_H 1
#define HAVE_SYS_TIME_H 1
#define HAVE_TIME_H 1
#define HAVE_UNISTD_H 1
#define HAVE_GETTIMEOFDAY 1
#define HAVE_POSIX_SIGNALBLOCKING 1
#define HAVE_SETENV 1
#define HAVE_UNSETENV 1
#define HAVE_STDLIB_H 1
#define HAVE_STRING_H 1
#define HAVE_UNISTD_H 1
#define HAVE_ERRNO_DECL 1
#define HAVE_ENVIRON_DECL 1
#define HAVE_LOCALE_H 1
#define SETLOCALE_CONST const
#define HAVE_ARPA_INET_H 1
#define HAVE_GETHOSTNAME 1
#define HAVE_GETHOSTBYNAME 1
#define HAVE_INET_NTOP 1
#define HAVE_IPV6 1
#define HAVE_STDLIB_H 1
#define HAVE_UNISTD_H 1
#define HAVE_GETPAGESIZE 1
#define INTDIV0_RAISES_SIGFPE 0
#define HAVE_LIMITS_H 1
#define HAVE_LOCALE_H 1
#define HAVE_MALLOC_H 1
#define HAVE_STDDEF_H 1
#define HAVE_STDLIB_H 1
#define HAVE_STRING_H 1
#define HAVE_UNISTD_H 1
#define HAVE_SYS_PARAM_H 1
#define HAVE_GETCWD 1
#define HAVE_GETEGID 1
#define HAVE_GETEUID 1
#define HAVE_GETGID 1
#define HAVE_GETUID 1
#define HAVE_MUNMAP 1
#define HAVE_PUTENV 1
#define HAVE_SETENV 1
#define HAVE_SETLOCALE 1
#define HAVE_STPCPY 1
#define HAVE_STRCASECMP 1
#define HAVE_STRDUP 1
#define HAVE_STRTOUL 1
#define HAVE_LC_MESSAGES 1
#define ENABLE_NLS 1
#define HAVE_LIBEXPAT 1


configure: exit 0
