This file contains any messages produced by compilers while
running configure, to aid debugging if configure makes a mistake.

It was created by configure, which was
generated by GNU Autoconf 2.53.  Invocation command line was

  $ /home/ajw498/software/svn/apr-util/xml/expat/configure --enable-maintainer-mode --cache-file=/dev/null --srcdir=/home/ajw498/software/svn/apr-util --with-apr=../apr --cache-file=/dev/null --srcdir=/home/ajw498/software/svn/apr-util/xml/expat

## --------- ##
## Platform. ##
## --------- ##

hostname = mint
uname -m = i686
uname -r = 2.4.18
uname -s = Linux
uname -v = #3 Wed Jun 26 23:32:47 BST 2002

/usr/bin/uname -p = unknown
/bin/uname -X     = unknown

/bin/arch              = i686
/usr/bin/arch -k       = unknown
/usr/convex/getsysinfo = unknown
hostinfo               = unknown
/bin/machine           = unknown
/usr/bin/oslevel       = unknown
/bin/universe          = unknown

PATH: /usr/local/bin
PATH: /usr/bin
PATH: /bin
PATH: /usr/bin/X11
PATH: /usr/games


## ----------- ##
## Core tests. ##
## ----------- ##

configure:1405: checking build system type
configure:1423: result: i686-pc-linux-gnu
configure:1431: checking host system type
configure:1445: result: i686-pc-linux-gnu
configure:1453: checking target system type
configure:1467: result: i686-pc-linux-gnu
configure:1601: checking for gcc
configure:1617: found /usr/local/bin/gcc
configure:1627: result: gcc
configure:1871: checking for C compiler version
configure:1874: gcc --version </dev/null >&5
2.95.3
configure:1877: $? = 0
configure:1879: gcc -v </dev/null >&5
Reading specs from /usr/local/lib/gcc-lib/i686-pc-linux-gnu/2.95.3/specs
gcc version 2.95.3 20010315 (release)
configure:1882: $? = 0
configure:1884: gcc -V </dev/null >&5
gcc: argument to `-V' is missing
configure:1887: $? = 1
configure:1913: checking for C compiler default output
configure:1916: gcc    conftest.c  >&5
configure:1919: $? = 0
configure:1952: result: a.out
configure:1957: checking whether the C compiler works
configure:1963: ./a.out
configure:1966: $? = 0
configure:1981: result: yes
configure:1988: checking whether we are cross compiling
configure:1990: result: no
configure:1993: checking for suffix of executables
configure:1995: gcc -o conftest    conftest.c  >&5
configure:1998: $? = 0
configure:2020: result: 
configure:2026: checking for suffix of object files
configure:2050: gcc -c   conftest.c >&5
configure:2053: $? = 0
configure:2072: result: o
configure:2076: checking whether we are using the GNU C compiler
configure:2103: gcc -c   conftest.c >&5
configure:2106: $? = 0
configure:2109: test -s conftest.o
configure:2112: $? = 0
configure:2124: result: yes
configure:2130: checking whether gcc accepts -g
configure:2154: gcc -c -g  conftest.c >&5
configure:2157: $? = 0
configure:2160: test -s conftest.o
configure:2163: $? = 0
configure:2173: result: yes
configure:2200: gcc -c -g -O2  conftest.c >&5
conftest.c:2: parse error before `me'
configure:2203: $? = 1
configure: failed program was:
#ifndef __cplusplus
  choke me
#endif
configure:2324: checking for ld used by GCC
configure:2387: result: /usr/local/i686-pc-linux-gnu/bin/ld
configure:2396: checking if the linker (/usr/local/i686-pc-linux-gnu/bin/ld) is GNU ld
GNU ld version 020208 20020208
configure:2408: result: yes
configure:2413: checking for /usr/local/i686-pc-linux-gnu/bin/ld option to reload object files
configure:2420: result: -r
configure:2425: checking for BSD-compatible nm
configure:2461: result: /usr/local/bin/nm -B
configure:2464: checking whether ln -s works
configure:2468: result: yes
configure:2475: checking how to recognise dependant libraries
configure:2643: result: pass_all
configure:2656: checking command to parse /usr/local/bin/nm -B output
configure:2733: gcc -c -g -O2  conftest.c >&5
configure:2736: $? = 0
configure:2740: /usr/local/bin/nm -B conftest.o \| sed -n -e 's/^.*[ 	]\([ABCDGISTW][ABCDGISTW]*\)[ 	][ 	]*\(\)\([_A-Za-z][_A-Za-z0-9]*\)$/\1 \2\3 \3/p' \> conftest.nm
configure:2743: $? = 0
configure:2795: gcc -o conftest -g -O2   conftest.c conftstm.o >&5
configure:2798: $? = 0
configure:2839: result: ok
configure:2848: checking how to run the C preprocessor
configure:2874: gcc -E  conftest.c
configure:2880: $? = 0
configure:2907: gcc -E  conftest.c
configure:2903: ac_nonexistent.h: No such file or directory
configure:2913: $? = 1
configure: failed program was:
#line 2902 "configure"
#include "confdefs.h"
#include <ac_nonexistent.h>
configure:2950: result: gcc -E
configure:2965: gcc -E  conftest.c
configure:2971: $? = 0
configure:2998: gcc -E  conftest.c
configure:2994: ac_nonexistent.h: No such file or directory
configure:3004: $? = 1
configure: failed program was:
#line 2993 "configure"
#include "confdefs.h"
#include <ac_nonexistent.h>
configure:3044: checking for ANSI C header files
configure:3058: gcc -E  conftest.c
configure:3064: $? = 0
configure:3149: gcc -o conftest -g -O2   conftest.c  >&5
configure:3152: $? = 0
configure:3154: ./conftest
configure:3157: $? = 0
configure:3171: result: yes
configure:3195: checking for sys/types.h
configure:3208: gcc -c -g -O2  conftest.c >&5
configure:3211: $? = 0
configure:3214: test -s conftest.o
configure:3217: $? = 0
configure:3227: result: yes
configure:3195: checking for sys/stat.h
configure:3208: gcc -c -g -O2  conftest.c >&5
configure:3211: $? = 0
configure:3214: test -s conftest.o
configure:3217: $? = 0
configure:3227: result: yes
configure:3195: checking for stdlib.h
configure:3208: gcc -c -g -O2  conftest.c >&5
configure:3211: $? = 0
configure:3214: test -s conftest.o
configure:3217: $? = 0
configure:3227: result: yes
configure:3195: checking for string.h
configure:3208: gcc -c -g -O2  conftest.c >&5
configure:3211: $? = 0
configure:3214: test -s conftest.o
configure:3217: $? = 0
configure:3227: result: yes
configure:3195: checking for memory.h
configure:3208: gcc -c -g -O2  conftest.c >&5
configure:3211: $? = 0
configure:3214: test -s conftest.o
configure:3217: $? = 0
configure:3227: result: yes
configure:3195: checking for strings.h
configure:3208: gcc -c -g -O2  conftest.c >&5
configure:3211: $? = 0
configure:3214: test -s conftest.o
configure:3217: $? = 0
configure:3227: result: yes
configure:3195: checking for inttypes.h
configure:3208: gcc -c -g -O2  conftest.c >&5
configure:3211: $? = 0
configure:3214: test -s conftest.o
configure:3217: $? = 0
configure:3227: result: yes
configure:3195: checking for stdint.h
configure:3208: gcc -c -g -O2  conftest.c >&5
configure:3211: $? = 0
configure:3214: test -s conftest.o
configure:3217: $? = 0
configure:3227: result: yes
configure:3195: checking for unistd.h
configure:3208: gcc -c -g -O2  conftest.c >&5
configure:3211: $? = 0
configure:3214: test -s conftest.o
configure:3217: $? = 0
configure:3227: result: yes
configure:3253: checking dlfcn.h usability
configure:3262: gcc -c -g -O2  conftest.c >&5
configure:3265: $? = 0
configure:3268: test -s conftest.o
configure:3271: $? = 0
configure:3280: result: yes
configure:3284: checking dlfcn.h presence
configure:3291: gcc -E  conftest.c
configure:3297: $? = 0
configure:3315: result: yes
configure:3333: checking for dlfcn.h
configure:3340: result: yes
configure:3537: checking for ranlib
configure:3553: found /usr/local/bin/ranlib
configure:3564: result: ranlib
configure:3617: checking for strip
configure:3633: found /usr/local/bin/strip
configure:3644: result: strip
configure:3850: checking for objdir
configure:3861: result: .libs
configure:3882: checking for gcc option to produce PIC
configure:4032: result: -fPIC
configure:4036: checking if gcc PIC flag -fPIC works
configure:4062: gcc -c -g -O2 -fPIC -DPIC  conftest.c >&5
configure:4065: $? = 0
configure:4068: test -s conftest.o
configure:4071: $? = 0
configure:4108: result: yes
configure:4128: checking if gcc static flag -static works
configure:4155: gcc -o conftest -g -O2   -static conftest.c  >&5
configure:4158: $? = 0
configure:4161: test -s conftest
configure:4164: $? = 0
configure:4179: result: yes
configure:4195: checking if gcc supports -c -o file.o
configure:4217: gcc -c -g -O2 -o out/conftest2.o  conftest.c >&5
configure:4239: result: yes
configure:4244: checking if gcc supports -c -o file.lo
configure:4272: gcc -c -g -O2 -c -o conftest.lo  conftest.c >&5
configure:4275: $? = 0
configure:4278: test -s conftest.o
configure:4281: $? = 1
configure: failed program was:
#line 4253 "configure"
#include "confdefs.h"

#ifdef F77_DUMMY_MAIN
#  ifdef __cplusplus
     extern "C"
#  endif
   int F77_DUMMY_MAIN() { return 1; }
#endif
int
main ()
{
int some_variable = 0;
  ;
  return 0;
}
configure:4301: result: 
configure:4340: checking if gcc supports -fno-rtti -fno-exceptions
configure:4365: gcc -c -g -O2 -fno-rtti -fno-exceptions -c conftest.c  conftest.c >&5
configure:4368: $? = 0
configure:4371: test -s conftest.o
configure:4374: $? = 0
configure:4390: result: yes
configure:4405: checking whether the linker (/usr/local/i686-pc-linux-gnu/bin/ld) supports shared libraries
configure:5017: result: yes
configure:5026: checking how to hardcode library paths into programs
configure:5050: result: immediate
configure:5059: checking whether stripping libraries is possible
configure:5064: result: yes
configure:5079: checking dynamic linker characteristics
configure:5461: result: GNU/Linux ld.so
configure:5470: checking if libtool supports shared libraries
configure:5472: result: yes
configure:6077: checking whether -lc should be explicitly linked in
configure:6085: gcc -c -g -O2  conftest.c >&5
configure:6088: $? = 0
configure:6102: gcc -shared conftest.o  -v -Wl,-soname -Wl,conftest -o conftest 2\>\&1 \| grep  -lc  \>/dev/null 2\>\&1
configure:6105: $? = 0
configure:6118: result: no
configure:6752: checking for gcc
configure:6778: result: gcc
configure:7022: checking for C compiler version
configure:7025: gcc --version </dev/null >&5
2.95.3
configure:7028: $? = 0
configure:7030: gcc -v </dev/null >&5
Reading specs from /usr/local/lib/gcc-lib/i686-pc-linux-gnu/2.95.3/specs
gcc version 2.95.3 20010315 (release)
configure:7033: $? = 0
configure:7035: gcc -V </dev/null >&5
gcc: argument to `-V' is missing
configure:7038: $? = 1
configure:7041: checking whether we are using the GNU C compiler
configure:7089: result: yes
configure:7095: checking whether gcc accepts -g
configure:7138: result: yes
configure:7165: gcc -c -g -O2  conftest.c >&5
conftest.c:2: parse error before `me'
configure:7168: $? = 1
configure: failed program was:
#ifndef __cplusplus
  choke me
#endif
configure:7290: checking for a BSD-compatible install
configure:7344: result: /usr/bin/install -c
configure:7357: checking for ANSI C header files
configure:7484: result: yes
configure:7510: checking fcntl.h usability
configure:7519: gcc -c -g -O2  conftest.c >&5
configure:7522: $? = 0
configure:7525: test -s conftest.o
configure:7528: $? = 0
configure:7537: result: yes
configure:7541: checking fcntl.h presence
configure:7548: gcc -E  conftest.c
configure:7554: $? = 0
configure:7572: result: yes
configure:7590: checking for fcntl.h
configure:7597: result: yes
configure:7501: checking for unistd.h
configure:7506: result: yes
configure:7501: checking for string.h
configure:7506: result: yes
configure:7612: checking whether byte ordering is bigendian
configure:7642: gcc -c -g -O2  conftest.c >&5
configure:7645: $? = 0
configure:7648: test -s conftest.o
configure:7651: $? = 0
configure:7678: gcc -c -g -O2  conftest.c >&5
configure: In function `main':
configure:7668: `not' undeclared (first use in this function)
configure:7668: (Each undeclared identifier is reported only once
configure:7668: for each function it appears in.)
configure:7668: parse error before `big'
configure:7681: $? = 1
configure: failed program was:
#line 7654 "configure"
#include "confdefs.h"
#include <sys/types.h>
#include <sys/param.h>

#ifdef F77_DUMMY_MAIN
#  ifdef __cplusplus
     extern "C"
#  endif
   int F77_DUMMY_MAIN() { return 1; }
#endif
int
main ()
{
#if BYTE_ORDER != BIG_ENDIAN
 not big endian
#endif

  ;
  return 0;
}
configure:7795: result: no
configure:7821: checking for gcc option to accept ANSI C
configure:7884: gcc  -c -g -O2  conftest.c >&5
configure:7887: $? = 0
configure:7890: test -s conftest.o
configure:7893: $? = 0
configure:7910: result: none needed
configure:7918: checking for an ANSI C-conforming const
configure:7988: gcc -c -g -O2  conftest.c >&5
configure:7991: $? = 0
configure:7994: test -s conftest.o
configure:7997: $? = 0
configure:8007: result: yes
configure:8017: checking for off_t
configure:8044: gcc -c -g -O2  conftest.c >&5
configure:8047: $? = 0
configure:8050: test -s conftest.o
configure:8053: $? = 0
configure:8063: result: yes
configure:8075: checking for size_t
configure:8102: gcc -c -g -O2  conftest.c >&5
configure:8105: $? = 0
configure:8108: test -s conftest.o
configure:8111: $? = 0
configure:8121: result: yes
configure:8135: checking for working memcmp
configure:8186: gcc -o conftest -g -O2   conftest.c  >&5
configure:8189: $? = 0
configure:8191: ./conftest
configure:8194: $? = 0
configure:8207: result: yes
configure:8217: checking for stdlib.h
configure:8222: result: yes
configure:8217: checking for unistd.h
configure:8222: result: yes
configure:8330: checking for getpagesize
configure:8373: gcc -o conftest -g -O2   conftest.c  >&5
configure:8376: $? = 0
configure:8379: test -s conftest
configure:8382: $? = 0
configure:8392: result: yes
configure:8402: checking for working mmap
configure:8541: gcc -o conftest -g -O2   conftest.c  >&5
configure:8544: $? = 0
configure:8546: ./conftest
configure:8549: $? = 0
configure:8562: result: yes
configure:8585: checking for memmove
configure:8628: gcc -o conftest -g -O2   conftest.c  >&5
configure:8631: $? = 0
configure:8634: test -s conftest
configure:8637: $? = 0
configure:8647: result: yes
configure:8585: checking for bcopy
configure:8628: gcc -o conftest -g -O2   conftest.c  >&5
configure:8631: $? = 0
configure:8634: test -s conftest
configure:8637: $? = 0
configure:8647: result: yes
configure:8739: creating ./config.status

## ---------------------- ##
## Running config.status. ##
## ---------------------- ##

This file was extended by config.status, which was
generated by GNU Autoconf 2.53.  Invocation command line was

  CONFIG_FILES    = 
  CONFIG_HEADERS  = 
  CONFIG_LINKS    = 
  CONFIG_COMMANDS = 
  $ ./config.status 

on mint

config.status:598: creating Makefile
config.status:598: creating lib/Makefile
config.status:598: creating lib/expat.h
config.status:695: creating config.h
config.status:818: config.h is unchanged

## ---------------- ##
## Cache variables. ##
## ---------------- ##

ac_cv_build=i686-pc-linux-gnu
ac_cv_build_alias=i686-pc-linux-gnu
ac_cv_c_bigendian=no
ac_cv_c_compiler_gnu=yes
ac_cv_c_const=yes
ac_cv_env_CC_set=
ac_cv_env_CC_value=
ac_cv_env_CFLAGS_set=
ac_cv_env_CFLAGS_value=
ac_cv_env_CPPFLAGS_set=
ac_cv_env_CPPFLAGS_value=
ac_cv_env_CPP_set=
ac_cv_env_CPP_value=
ac_cv_env_LDFLAGS_set=
ac_cv_env_LDFLAGS_value=
ac_cv_env_build_alias_set=
ac_cv_env_build_alias_value=
ac_cv_env_host_alias_set=
ac_cv_env_host_alias_value=
ac_cv_env_target_alias_set=
ac_cv_env_target_alias_value=
ac_cv_exeext=
ac_cv_func_bcopy=yes
ac_cv_func_getpagesize=yes
ac_cv_func_memcmp_working=yes
ac_cv_func_memmove=yes
ac_cv_func_mmap_fixed_mapped=yes
ac_cv_header_dlfcn_h=yes
ac_cv_header_fcntl_h=yes
ac_cv_header_inttypes_h=yes
ac_cv_header_memory_h=yes
ac_cv_header_stdc=yes
ac_cv_header_stdint_h=yes
ac_cv_header_stdlib_h=yes
ac_cv_header_string_h=yes
ac_cv_header_strings_h=yes
ac_cv_header_sys_stat_h=yes
ac_cv_header_sys_types_h=yes
ac_cv_header_unistd_h=yes
ac_cv_host=i686-pc-linux-gnu
ac_cv_host_alias=i686-pc-linux-gnu
ac_cv_objext=o
ac_cv_path_install='/usr/bin/install -c'
ac_cv_prog_CPP='gcc -E'
ac_cv_prog_ac_ct_CC=gcc
ac_cv_prog_ac_ct_RANLIB=ranlib
ac_cv_prog_ac_ct_STRIP=strip
ac_cv_prog_cc_g=yes
ac_cv_prog_cc_stdc=
ac_cv_target=i686-pc-linux-gnu
ac_cv_target_alias=i686-pc-linux-gnu
ac_cv_type_off_t=yes
ac_cv_type_size_t=yes
lt_cv_archive_cmds_need_lc=no
lt_cv_compiler_c_o=yes
lt_cv_compiler_o_lo=no
lt_cv_deplibs_check_method=pass_all
lt_cv_file_magic_cmd='$MAGIC_CMD'
lt_cv_file_magic_test_file='/lib/libc.so.6 /lib/libc-2.1.3.so'
lt_cv_global_symbol_to_cdecl='sed -n -e '\''s/^. .* \(.*\)$/extern char \1;/p'\'''
lt_cv_ld_reload_flag=-r
lt_cv_path_LD=/usr/local/i686-pc-linux-gnu/bin/ld
lt_cv_path_NM='/usr/local/bin/nm -B'
lt_cv_prog_cc_can_build_shared=yes
lt_cv_prog_cc_no_builtin=
lt_cv_prog_cc_pic=' -fPIC'
lt_cv_prog_cc_pic_works=yes
lt_cv_prog_cc_shlib=
lt_cv_prog_cc_static=-static
lt_cv_prog_cc_static_works=yes
lt_cv_prog_cc_wl=-Wl,
lt_cv_prog_gnu_ld=yes
lt_cv_sys_global_symbol_pipe='sed -n -e '\''s/^.*[ 	]\([ABCDGISTW][ABCDGISTW]*\)[ 	][ 	]*\(\)\([_A-Za-z][_A-Za-z0-9]*\)$/\1 \2\3 \3/p'\'''
lt_cv_sys_path_separator=:

## ----------- ##
## confdefs.h. ##
## ----------- ##

#define PACKAGE_NAME ""
#define PACKAGE_TARNAME ""
#define PACKAGE_VERSION ""
#define PACKAGE_STRING ""
#define PACKAGE_BUGREPORT ""
#define STDC_HEADERS 1
#define HAVE_SYS_TYPES_H 1
#define HAVE_SYS_STAT_H 1
#define HAVE_STDLIB_H 1
#define HAVE_STRING_H 1
#define HAVE_MEMORY_H 1
#define HAVE_STRINGS_H 1
#define HAVE_INTTYPES_H 1
#define HAVE_STDINT_H 1
#define HAVE_UNISTD_H 1
#define HAVE_DLFCN_H 1
#define STDC_HEADERS 1
#define HAVE_FCNTL_H 1
#define HAVE_UNISTD_H 1
#define HAVE_STRING_H 1
#define HAVE_STDLIB_H 1
#define HAVE_UNISTD_H 1
#define HAVE_GETPAGESIZE 1
#define HAVE_MMAP 1
#define HAVE_MEMMOVE 1
#define HAVE_BCOPY 1

configure: exit 0

## ---------------------- ##
## Running config.status. ##
## ---------------------- ##

This file was extended by config.status, which was
generated by GNU Autoconf 2.53.  Invocation command line was

  CONFIG_FILES    = lib/Makefile
  CONFIG_HEADERS  = 
  CONFIG_LINKS    = 
  CONFIG_COMMANDS = 
  $ ./config.status 

on mint

config.status:598: creating lib/Makefile
